{"level":"info","message":"[Queue] Fila de processamento de v칤deo inicializada","service":"ez-clips-ai","timestamp":"2025-12-10 11:17:27"}
{"level":"info","message":"游 Backend rodando em http://localhost:3001","service":"ez-clips-ai","timestamp":"2025-12-10 11:17:27"}
{"level":"info","message":"游니 tRPC endpoint: http://localhost:3001/trpc","service":"ez-clips-ai","timestamp":"2025-12-10 11:17:27"}
{"level":"info","message":"仇벒잺  Health check: http://localhost:3001/health","service":"ez-clips-ai","timestamp":"2025-12-10 11:17:27"}
{"level":"info","message":"游댏 Webhook Stripe: http://localhost:3001/api/webhooks/stripe","service":"ez-clips-ai","timestamp":"2025-12-10 11:17:27"}
{"code":"ECONNREFUSED","level":"error","message":"[Redis] Erro na conex칚o:","service":"ez-clips-ai","stack":"AggregateError [ECONNREFUSED]: \n    at internalConnectMultiple (node:net:1134:18)\n    at afterConnectMultiple (node:net:1715:7)","timestamp":"2025-12-10 11:17:27"}
{"code":"ECONNREFUSED","level":"error","message":"[Redis YTDL] Erro na conex칚o:","service":"ez-clips-ai","stack":"AggregateError [ECONNREFUSED]: \n    at internalConnectMultiple (node:net:1134:18)\n    at afterConnectMultiple (node:net:1715:7)","timestamp":"2025-12-10 11:17:27"}
{"code":"ECONNREFUSED","level":"error","message":"[Redis] Erro na conex칚o:","service":"ez-clips-ai","stack":"AggregateError [ECONNREFUSED]: \n    at internalConnectMultiple (node:net:1134:18)\n    at afterConnectMultiple (node:net:1715:7)","timestamp":"2025-12-10 11:17:27"}
{"code":"ECONNREFUSED","level":"error","message":"[Redis YTDL] Erro na conex칚o:","service":"ez-clips-ai","stack":"AggregateError [ECONNREFUSED]: \n    at internalConnectMultiple (node:net:1134:18)\n    at afterConnectMultiple (node:net:1715:7)","timestamp":"2025-12-10 11:17:27"}
{"code":"ECONNREFUSED","level":"error","message":"[Redis] Erro na conex칚o:","service":"ez-clips-ai","stack":"AggregateError [ECONNREFUSED]: \n    at internalConnectMultiple (node:net:1134:18)\n    at afterConnectMultiple (node:net:1715:7)","timestamp":"2025-12-10 11:17:27"}
{"code":"ECONNREFUSED","level":"error","message":"[Redis YTDL] Erro na conex칚o:","service":"ez-clips-ai","stack":"AggregateError [ECONNREFUSED]: \n    at internalConnectMultiple (node:net:1134:18)\n    at afterConnectMultiple (node:net:1715:7)","timestamp":"2025-12-10 11:17:27"}
{"code":"ECONNREFUSED","level":"error","message":"[Redis YTDL] Erro na conex칚o:","service":"ez-clips-ai","stack":"AggregateError [ECONNREFUSED]: \n    at internalConnectMultiple (node:net:1134:18)\n    at afterConnectMultiple (node:net:1715:7)","timestamp":"2025-12-10 11:17:27"}
{"code":"ECONNREFUSED","level":"error","message":"[Redis] Erro na conex칚o:","service":"ez-clips-ai","stack":"AggregateError [ECONNREFUSED]: \n    at internalConnectMultiple (node:net:1134:18)\n    at afterConnectMultiple (node:net:1715:7)","timestamp":"2025-12-10 11:17:27"}
{"code":"ECONNREFUSED","level":"error","message":"[Redis] Erro na conex칚o:","service":"ez-clips-ai","stack":"AggregateError [ECONNREFUSED]: \n    at internalConnectMultiple (node:net:1134:18)\n    at afterConnectMultiple (node:net:1715:7)","timestamp":"2025-12-10 11:17:27"}
{"code":"ECONNREFUSED","level":"error","message":"[Redis YTDL] Erro na conex칚o:","service":"ez-clips-ai","stack":"AggregateError [ECONNREFUSED]: \n    at internalConnectMultiple (node:net:1134:18)\n    at afterConnectMultiple (node:net:1715:7)","timestamp":"2025-12-10 11:17:27"}
{"code":"ECONNREFUSED","level":"error","message":"[Redis YTDL] Erro na conex칚o:","service":"ez-clips-ai","stack":"AggregateError [ECONNREFUSED]: \n    at internalConnectMultiple (node:net:1134:18)\n    at afterConnectMultiple (node:net:1715:7)","timestamp":"2025-12-10 11:17:28"}
{"code":"ECONNREFUSED","level":"error","message":"[Redis] Erro na conex칚o:","service":"ez-clips-ai","stack":"AggregateError [ECONNREFUSED]: \n    at internalConnectMultiple (node:net:1134:18)\n    at afterConnectMultiple (node:net:1715:7)","timestamp":"2025-12-10 11:17:28"}
{"code":"ECONNREFUSED","level":"error","message":"[Redis YTDL] Erro na conex칚o:","service":"ez-clips-ai","stack":"AggregateError [ECONNREFUSED]: \n    at internalConnectMultiple (node:net:1134:18)\n    at afterConnectMultiple (node:net:1715:7)","timestamp":"2025-12-10 11:17:28"}
{"code":"ECONNREFUSED","level":"error","message":"[Redis] Erro na conex칚o:","service":"ez-clips-ai","stack":"AggregateError [ECONNREFUSED]: \n    at internalConnectMultiple (node:net:1134:18)\n    at afterConnectMultiple (node:net:1715:7)","timestamp":"2025-12-10 11:17:28"}
{"code":"ECONNREFUSED","level":"error","message":"[Redis YTDL] Erro na conex칚o:","service":"ez-clips-ai","stack":"AggregateError [ECONNREFUSED]: \n    at internalConnectMultiple (node:net:1134:18)\n    at afterConnectMultiple (node:net:1715:7)","timestamp":"2025-12-10 11:17:28"}
{"code":"ECONNREFUSED","level":"error","message":"[Redis] Erro na conex칚o:","service":"ez-clips-ai","stack":"AggregateError [ECONNREFUSED]: \n    at internalConnectMultiple (node:net:1134:18)\n    at afterConnectMultiple (node:net:1715:7)","timestamp":"2025-12-10 11:17:28"}
{"code":"ECONNREFUSED","level":"error","message":"[Redis YTDL] Erro na conex칚o:","service":"ez-clips-ai","stack":"AggregateError [ECONNREFUSED]: \n    at internalConnectMultiple (node:net:1134:18)\n    at afterConnectMultiple (node:net:1715:7)","timestamp":"2025-12-10 11:17:29"}
{"code":"ECONNREFUSED","level":"error","message":"[Redis] Erro na conex칚o:","service":"ez-clips-ai","stack":"AggregateError [ECONNREFUSED]: \n    at internalConnectMultiple (node:net:1134:18)\n    at afterConnectMultiple (node:net:1715:7)","timestamp":"2025-12-10 11:17:29"}
{"code":"ECONNREFUSED","level":"error","message":"[Redis YTDL] Erro na conex칚o:","service":"ez-clips-ai","stack":"AggregateError [ECONNREFUSED]: \n    at internalConnectMultiple (node:net:1134:18)\n    at afterConnectMultiple (node:net:1715:7)","timestamp":"2025-12-10 11:17:29"}
{"code":"ECONNREFUSED","level":"error","message":"[Redis] Erro na conex칚o:","service":"ez-clips-ai","stack":"AggregateError [ECONNREFUSED]: \n    at internalConnectMultiple (node:net:1134:18)\n    at afterConnectMultiple (node:net:1715:7)","timestamp":"2025-12-10 11:17:29"}
{"code":"ECONNREFUSED","level":"error","message":"[Redis YTDL] Erro na conex칚o:","service":"ez-clips-ai","stack":"AggregateError [ECONNREFUSED]: \n    at internalConnectMultiple (node:net:1134:18)\n    at afterConnectMultiple (node:net:1715:7)","timestamp":"2025-12-10 11:17:30"}
{"code":"ECONNREFUSED","level":"error","message":"[Redis] Erro na conex칚o:","service":"ez-clips-ai","stack":"AggregateError [ECONNREFUSED]: \n    at internalConnectMultiple (node:net:1134:18)\n    at afterConnectMultiple (node:net:1715:7)","timestamp":"2025-12-10 11:17:30"}
{"code":"ECONNREFUSED","level":"error","message":"[Redis YTDL] Erro na conex칚o:","service":"ez-clips-ai","stack":"AggregateError [ECONNREFUSED]: \n    at internalConnectMultiple (node:net:1134:18)\n    at afterConnectMultiple (node:net:1715:7)","timestamp":"2025-12-10 11:17:30"}
{"code":"ECONNREFUSED","level":"error","message":"[Redis] Erro na conex칚o:","service":"ez-clips-ai","stack":"AggregateError [ECONNREFUSED]: \n    at internalConnectMultiple (node:net:1134:18)\n    at afterConnectMultiple (node:net:1715:7)","timestamp":"2025-12-10 11:17:30"}
{"code":"ECONNREFUSED","level":"error","message":"[Redis] Erro na conex칚o:","service":"ez-clips-ai","stack":"AggregateError [ECONNREFUSED]: \n    at internalConnectMultiple (node:net:1134:18)\n    at afterConnectMultiple (node:net:1715:7)","timestamp":"2025-12-10 11:17:31"}
{"code":"ECONNREFUSED","level":"error","message":"[Redis YTDL] Erro na conex칚o:","service":"ez-clips-ai","stack":"AggregateError [ECONNREFUSED]: \n    at internalConnectMultiple (node:net:1134:18)\n    at afterConnectMultiple (node:net:1715:7)","timestamp":"2025-12-10 11:17:31"}
{"code":"ECONNREFUSED","level":"error","message":"[Redis] Erro na conex칚o:","service":"ez-clips-ai","stack":"AggregateError [ECONNREFUSED]: \n    at internalConnectMultiple (node:net:1134:18)\n    at afterConnectMultiple (node:net:1715:7)","timestamp":"2025-12-10 11:17:31"}
{"code":"ECONNREFUSED","level":"error","message":"[Redis YTDL] Erro na conex칚o:","service":"ez-clips-ai","stack":"AggregateError [ECONNREFUSED]: \n    at internalConnectMultiple (node:net:1134:18)\n    at afterConnectMultiple (node:net:1715:7)","timestamp":"2025-12-10 11:17:31"}
{"code":"ECONNREFUSED","level":"error","message":"[Redis YTDL] Erro na conex칚o:","service":"ez-clips-ai","stack":"AggregateError [ECONNREFUSED]: \n    at internalConnectMultiple (node:net:1134:18)\n    at afterConnectMultiple (node:net:1715:7)","timestamp":"2025-12-10 11:17:32"}
{"code":"ECONNREFUSED","level":"error","message":"[Redis] Erro na conex칚o:","service":"ez-clips-ai","stack":"AggregateError [ECONNREFUSED]: \n    at internalConnectMultiple (node:net:1134:18)\n    at afterConnectMultiple (node:net:1715:7)","timestamp":"2025-12-10 11:17:32"}
{"code":"ECONNREFUSED","level":"error","message":"[Redis YTDL] Erro na conex칚o:","service":"ez-clips-ai","stack":"AggregateError [ECONNREFUSED]: \n    at internalConnectMultiple (node:net:1134:18)\n    at afterConnectMultiple (node:net:1715:7)","timestamp":"2025-12-10 11:17:33"}
{"code":"ECONNREFUSED","level":"error","message":"[Redis] Erro na conex칚o:","service":"ez-clips-ai","stack":"AggregateError [ECONNREFUSED]: \n    at internalConnectMultiple (node:net:1134:18)\n    at afterConnectMultiple (node:net:1715:7)","timestamp":"2025-12-10 11:17:33"}
{"code":"ECONNREFUSED","level":"error","message":"[Redis] Erro na conex칚o:","service":"ez-clips-ai","stack":"AggregateError [ECONNREFUSED]: \n    at internalConnectMultiple (node:net:1134:18)\n    at afterConnectMultiple (node:net:1715:7)","timestamp":"2025-12-10 11:17:34"}
{"code":"ECONNREFUSED","level":"error","message":"[Redis YTDL] Erro na conex칚o:","service":"ez-clips-ai","stack":"AggregateError [ECONNREFUSED]: \n    at internalConnectMultiple (node:net:1134:18)\n    at afterConnectMultiple (node:net:1715:7)","timestamp":"2025-12-10 11:17:34"}
{"code":"ECONNREFUSED","level":"error","message":"[Redis] Erro na conex칚o:","service":"ez-clips-ai","stack":"AggregateError [ECONNREFUSED]: \n    at internalConnectMultiple (node:net:1134:18)\n    at afterConnectMultiple (node:net:1715:7)","timestamp":"2025-12-10 11:17:35"}
{"code":"ECONNREFUSED","level":"error","message":"[Redis YTDL] Erro na conex칚o:","service":"ez-clips-ai","stack":"AggregateError [ECONNREFUSED]: \n    at internalConnectMultiple (node:net:1134:18)\n    at afterConnectMultiple (node:net:1715:7)","timestamp":"2025-12-10 11:17:35"}
{"code":"ECONNREFUSED","level":"error","message":"[Redis YTDL] Erro na conex칚o:","service":"ez-clips-ai","stack":"AggregateError [ECONNREFUSED]: \n    at internalConnectMultiple (node:net:1134:18)\n    at afterConnectMultiple (node:net:1715:7)","timestamp":"2025-12-10 11:17:35"}
{"code":"ECONNREFUSED","level":"error","message":"[Redis] Erro na conex칚o:","service":"ez-clips-ai","stack":"AggregateError [ECONNREFUSED]: \n    at internalConnectMultiple (node:net:1134:18)\n    at afterConnectMultiple (node:net:1715:7)","timestamp":"2025-12-10 11:17:35"}
{"code":"ECONNREFUSED","level":"error","message":"[Redis] Erro na conex칚o:","service":"ez-clips-ai","stack":"AggregateError [ECONNREFUSED]: \n    at internalConnectMultiple (node:net:1134:18)\n    at afterConnectMultiple (node:net:1715:7)","timestamp":"2025-12-10 11:17:36"}
{"code":"ECONNREFUSED","level":"error","message":"[Redis YTDL] Erro na conex칚o:","service":"ez-clips-ai","stack":"AggregateError [ECONNREFUSED]: \n    at internalConnectMultiple (node:net:1134:18)\n    at afterConnectMultiple (node:net:1715:7)","timestamp":"2025-12-10 11:17:36"}
{"code":"ECONNREFUSED","level":"error","message":"[Redis YTDL] Erro na conex칚o:","service":"ez-clips-ai","stack":"AggregateError [ECONNREFUSED]: \n    at internalConnectMultiple (node:net:1134:18)\n    at afterConnectMultiple (node:net:1715:7)","timestamp":"2025-12-10 11:17:37"}
{"code":"ECONNREFUSED","level":"error","message":"[Redis] Erro na conex칚o:","service":"ez-clips-ai","stack":"AggregateError [ECONNREFUSED]: \n    at internalConnectMultiple (node:net:1134:18)\n    at afterConnectMultiple (node:net:1715:7)","timestamp":"2025-12-10 11:17:37"}
{"code":"ECONNREFUSED","level":"error","message":"[Redis] Erro na conex칚o:","service":"ez-clips-ai","stack":"AggregateError [ECONNREFUSED]: \n    at internalConnectMultiple (node:net:1134:18)\n    at afterConnectMultiple (node:net:1715:7)","timestamp":"2025-12-10 11:17:38"}
{"code":"ECONNREFUSED","level":"error","message":"[Redis YTDL] Erro na conex칚o:","service":"ez-clips-ai","stack":"AggregateError [ECONNREFUSED]: \n    at internalConnectMultiple (node:net:1134:18)\n    at afterConnectMultiple (node:net:1715:7)","timestamp":"2025-12-10 11:17:38"}
{"code":"ECONNREFUSED","level":"error","message":"[Redis] Erro na conex칚o:","service":"ez-clips-ai","stack":"AggregateError [ECONNREFUSED]: \n    at internalConnectMultiple (node:net:1134:18)\n    at afterConnectMultiple (node:net:1715:7)","timestamp":"2025-12-10 11:17:40"}
{"code":"ECONNREFUSED","level":"error","message":"[Redis YTDL] Erro na conex칚o:","service":"ez-clips-ai","stack":"AggregateError [ECONNREFUSED]: \n    at internalConnectMultiple (node:net:1134:18)\n    at afterConnectMultiple (node:net:1715:7)","timestamp":"2025-12-10 11:17:40"}
{"code":"ECONNREFUSED","level":"error","message":"[Redis YTDL] Erro na conex칚o:","service":"ez-clips-ai","stack":"AggregateError [ECONNREFUSED]: \n    at internalConnectMultiple (node:net:1134:18)\n    at afterConnectMultiple (node:net:1715:7)","timestamp":"2025-12-10 11:17:41"}
{"code":"ECONNREFUSED","level":"error","message":"[Redis] Erro na conex칚o:","service":"ez-clips-ai","stack":"AggregateError [ECONNREFUSED]: \n    at internalConnectMultiple (node:net:1134:18)\n    at afterConnectMultiple (node:net:1715:7)","timestamp":"2025-12-10 11:17:41"}
{"code":"ECONNREFUSED","level":"error","message":"[Redis YTDL] Erro na conex칚o:","service":"ez-clips-ai","stack":"AggregateError [ECONNREFUSED]: \n    at internalConnectMultiple (node:net:1134:18)\n    at afterConnectMultiple (node:net:1715:7)","timestamp":"2025-12-10 11:17:42"}
{"code":"ECONNREFUSED","level":"error","message":"[Redis] Erro na conex칚o:","service":"ez-clips-ai","stack":"AggregateError [ECONNREFUSED]: \n    at internalConnectMultiple (node:net:1134:18)\n    at afterConnectMultiple (node:net:1715:7)","timestamp":"2025-12-10 11:17:42"}
{"code":"ECONNREFUSED","level":"error","message":"[Redis] Erro na conex칚o:","service":"ez-clips-ai","stack":"AggregateError [ECONNREFUSED]: \n    at internalConnectMultiple (node:net:1134:18)\n    at afterConnectMultiple (node:net:1715:7)","timestamp":"2025-12-10 11:17:43"}
{"code":"ECONNREFUSED","level":"error","message":"[Redis YTDL] Erro na conex칚o:","service":"ez-clips-ai","stack":"AggregateError [ECONNREFUSED]: \n    at internalConnectMultiple (node:net:1134:18)\n    at afterConnectMultiple (node:net:1715:7)","timestamp":"2025-12-10 11:17:43"}
{"code":"ECONNREFUSED","level":"error","message":"[Redis] Erro na conex칚o:","service":"ez-clips-ai","stack":"AggregateError [ECONNREFUSED]: \n    at internalConnectMultiple (node:net:1134:18)\n    at afterConnectMultiple (node:net:1715:7)","timestamp":"2025-12-10 11:17:44"}
{"code":"ECONNREFUSED","level":"error","message":"[Redis YTDL] Erro na conex칚o:","service":"ez-clips-ai","stack":"AggregateError [ECONNREFUSED]: \n    at internalConnectMultiple (node:net:1134:18)\n    at afterConnectMultiple (node:net:1715:7)","timestamp":"2025-12-10 11:17:44"}
{"code":"ECONNREFUSED","level":"error","message":"[Redis] Erro na conex칚o:","service":"ez-clips-ai","stack":"AggregateError [ECONNREFUSED]: \n    at internalConnectMultiple (node:net:1134:18)\n    at afterConnectMultiple (node:net:1715:7)","timestamp":"2025-12-10 11:17:46"}
{"code":"ECONNREFUSED","level":"error","message":"[Redis YTDL] Erro na conex칚o:","service":"ez-clips-ai","stack":"AggregateError [ECONNREFUSED]: \n    at internalConnectMultiple (node:net:1134:18)\n    at afterConnectMultiple (node:net:1715:7)","timestamp":"2025-12-10 11:17:46"}
{"code":"ECONNREFUSED","level":"error","message":"[Redis] Erro na conex칚o:","service":"ez-clips-ai","stack":"AggregateError [ECONNREFUSED]: \n    at internalConnectMultiple (node:net:1134:18)\n    at afterConnectMultiple (node:net:1715:7)","timestamp":"2025-12-10 11:17:47"}
{"code":"ECONNREFUSED","level":"error","message":"[Redis YTDL] Erro na conex칚o:","service":"ez-clips-ai","stack":"AggregateError [ECONNREFUSED]: \n    at internalConnectMultiple (node:net:1134:18)\n    at afterConnectMultiple (node:net:1715:7)","timestamp":"2025-12-10 11:17:47"}
{"code":"ECONNREFUSED","level":"error","message":"[Redis YTDL] Erro na conex칚o:","service":"ez-clips-ai","stack":"AggregateError [ECONNREFUSED]: \n    at internalConnectMultiple (node:net:1134:18)\n    at afterConnectMultiple (node:net:1715:7)","timestamp":"2025-12-10 11:17:49"}
{"code":"ECONNREFUSED","level":"error","message":"[Redis] Erro na conex칚o:","service":"ez-clips-ai","stack":"AggregateError [ECONNREFUSED]: \n    at internalConnectMultiple (node:net:1134:18)\n    at afterConnectMultiple (node:net:1715:7)","timestamp":"2025-12-10 11:17:49"}
{"code":"ECONNREFUSED","level":"error","message":"[Redis] Erro na conex칚o:","service":"ez-clips-ai","stack":"AggregateError [ECONNREFUSED]: \n    at internalConnectMultiple (node:net:1134:18)\n    at afterConnectMultiple (node:net:1715:7)","timestamp":"2025-12-10 11:17:50"}
{"code":"ECONNREFUSED","level":"error","message":"[Redis YTDL] Erro na conex칚o:","service":"ez-clips-ai","stack":"AggregateError [ECONNREFUSED]: \n    at internalConnectMultiple (node:net:1134:18)\n    at afterConnectMultiple (node:net:1715:7)","timestamp":"2025-12-10 11:17:50"}
{"code":"ECONNREFUSED","level":"error","message":"[Redis YTDL] Erro na conex칚o:","service":"ez-clips-ai","stack":"AggregateError [ECONNREFUSED]: \n    at internalConnectMultiple (node:net:1134:18)\n    at afterConnectMultiple (node:net:1715:7)","timestamp":"2025-12-10 11:17:52"}
{"code":"ECONNREFUSED","level":"error","message":"[Redis] Erro na conex칚o:","service":"ez-clips-ai","stack":"AggregateError [ECONNREFUSED]: \n    at internalConnectMultiple (node:net:1134:18)\n    at afterConnectMultiple (node:net:1715:7)","timestamp":"2025-12-10 11:17:52"}
{"code":"ECONNREFUSED","level":"error","message":"[Redis YTDL] Erro na conex칚o:","service":"ez-clips-ai","stack":"AggregateError [ECONNREFUSED]: \n    at internalConnectMultiple (node:net:1134:18)\n    at afterConnectMultiple (node:net:1715:7)","timestamp":"2025-12-10 11:17:53"}
{"code":"ECONNREFUSED","level":"error","message":"[Redis] Erro na conex칚o:","service":"ez-clips-ai","stack":"AggregateError [ECONNREFUSED]: \n    at internalConnectMultiple (node:net:1134:18)\n    at afterConnectMultiple (node:net:1715:7)","timestamp":"2025-12-10 11:17:53"}
{"level":"info","message":"[Queue] Encerrando fila...","service":"ez-clips-ai","timestamp":"2025-12-10 11:17:55"}
{"code":"ECONNREFUSED","level":"error","message":"[Redis YTDL] Erro na conex칚o:","service":"ez-clips-ai","stack":"AggregateError [ECONNREFUSED]: \n    at internalConnectMultiple (node:net:1134:18)\n    at afterConnectMultiple (node:net:1715:7)","timestamp":"2025-12-10 11:17:55"}
{"code":"ECONNREFUSED","level":"error","message":"[Redis] Erro na conex칚o:","service":"ez-clips-ai","stack":"AggregateError [ECONNREFUSED]: \n    at internalConnectMultiple (node:net:1134:18)\n    at afterConnectMultiple (node:net:1715:7)","timestamp":"2025-12-10 11:17:55"}
{"code":"ECONNREFUSED","level":"error","message":"[Redis YTDL] Erro na conex칚o:","service":"ez-clips-ai","stack":"AggregateError [ECONNREFUSED]: \n    at internalConnectMultiple (node:net:1134:18)\n    at afterConnectMultiple (node:net:1715:7)","timestamp":"2025-12-10 11:17:57"}
{"code":"ECONNREFUSED","level":"error","message":"[Redis] Erro na conex칚o:","service":"ez-clips-ai","stack":"AggregateError [ECONNREFUSED]: \n    at internalConnectMultiple (node:net:1134:18)\n    at afterConnectMultiple (node:net:1715:7)","timestamp":"2025-12-10 11:17:57"}
{"code":"ECONNREFUSED","level":"error","message":"[Redis YTDL] Erro na conex칚o:","service":"ez-clips-ai","stack":"AggregateError [ECONNREFUSED]: \n    at internalConnectMultiple (node:net:1134:18)\n    at afterConnectMultiple (node:net:1715:7)","timestamp":"2025-12-10 11:17:58"}
{"code":"ECONNREFUSED","level":"error","message":"[Redis] Erro na conex칚o:","service":"ez-clips-ai","stack":"AggregateError [ECONNREFUSED]: \n    at internalConnectMultiple (node:net:1134:18)\n    at afterConnectMultiple (node:net:1715:7)","timestamp":"2025-12-10 11:17:58"}
{"level":"info","message":"[Queue] Fila de processamento de v칤deo inicializada","service":"ez-clips-ai","timestamp":"2025-12-10 11:18:01"}
{"level":"info","message":"游 Backend rodando em http://localhost:3001","service":"ez-clips-ai","timestamp":"2025-12-10 11:18:01"}
{"level":"info","message":"游니 tRPC endpoint: http://localhost:3001/trpc","service":"ez-clips-ai","timestamp":"2025-12-10 11:18:01"}
{"level":"info","message":"仇벒잺  Health check: http://localhost:3001/health","service":"ez-clips-ai","timestamp":"2025-12-10 11:18:01"}
{"level":"info","message":"游댏 Webhook Stripe: http://localhost:3001/api/webhooks/stripe","service":"ez-clips-ai","timestamp":"2025-12-10 11:18:01"}
{"level":"info","message":"[Queue] Encerrando fila...","service":"ez-clips-ai","timestamp":"2025-12-10 11:18:01"}
{"code":"ECONNREFUSED","level":"error","message":"[Redis] Erro na conex칚o:","service":"ez-clips-ai","stack":"AggregateError [ECONNREFUSED]: \n    at internalConnectMultiple (node:net:1134:18)\n    at afterConnectMultiple (node:net:1715:7)","timestamp":"2025-12-10 11:18:01"}
{"code":"ECONNREFUSED","level":"error","message":"[Redis YTDL] Erro na conex칚o:","service":"ez-clips-ai","stack":"AggregateError [ECONNREFUSED]: \n    at internalConnectMultiple (node:net:1134:18)\n    at afterConnectMultiple (node:net:1715:7)","timestamp":"2025-12-10 11:18:01"}
{"code":"ECONNREFUSED","level":"error","message":"[Redis] Erro na conex칚o:","service":"ez-clips-ai","stack":"AggregateError [ECONNREFUSED]: \n    at internalConnectMultiple (node:net:1134:18)\n    at afterConnectMultiple (node:net:1715:7)","timestamp":"2025-12-10 11:18:01"}
{"code":"ECONNREFUSED","level":"error","message":"[Redis YTDL] Erro na conex칚o:","service":"ez-clips-ai","stack":"AggregateError [ECONNREFUSED]: \n    at internalConnectMultiple (node:net:1134:18)\n    at afterConnectMultiple (node:net:1715:7)","timestamp":"2025-12-10 11:18:01"}
{"code":"ECONNREFUSED","level":"error","message":"[Redis YTDL] Erro na conex칚o:","service":"ez-clips-ai","stack":"AggregateError [ECONNREFUSED]: \n    at internalConnectMultiple (node:net:1134:18)\n    at afterConnectMultiple (node:net:1715:7)","timestamp":"2025-12-10 11:18:01"}
{"code":"ECONNREFUSED","level":"error","message":"[Redis] Erro na conex칚o:","service":"ez-clips-ai","stack":"AggregateError [ECONNREFUSED]: \n    at internalConnectMultiple (node:net:1134:18)\n    at afterConnectMultiple (node:net:1715:7)","timestamp":"2025-12-10 11:18:01"}
{"code":"ECONNREFUSED","level":"error","message":"[Redis YTDL] Erro na conex칚o:","service":"ez-clips-ai","stack":"AggregateError [ECONNREFUSED]: \n    at internalConnectMultiple (node:net:1134:18)\n    at afterConnectMultiple (node:net:1715:7)","timestamp":"2025-12-10 11:18:01"}
{"code":"ECONNREFUSED","level":"error","message":"[Redis] Erro na conex칚o:","service":"ez-clips-ai","stack":"AggregateError [ECONNREFUSED]: \n    at internalConnectMultiple (node:net:1134:18)\n    at afterConnectMultiple (node:net:1715:7)","timestamp":"2025-12-10 11:18:01"}
{"code":"ECONNREFUSED","level":"error","message":"[Redis YTDL] Erro na conex칚o:","service":"ez-clips-ai","stack":"AggregateError [ECONNREFUSED]: \n    at internalConnectMultiple (node:net:1134:18)\n    at afterConnectMultiple (node:net:1715:7)","timestamp":"2025-12-10 11:18:01"}
{"code":"ECONNREFUSED","level":"error","message":"[Redis] Erro na conex칚o:","service":"ez-clips-ai","stack":"AggregateError [ECONNREFUSED]: \n    at internalConnectMultiple (node:net:1134:18)\n    at afterConnectMultiple (node:net:1715:7)","timestamp":"2025-12-10 11:18:01"}
{"code":"ECONNREFUSED","level":"error","message":"[Redis YTDL] Erro na conex칚o:","service":"ez-clips-ai","stack":"AggregateError [ECONNREFUSED]: \n    at internalConnectMultiple (node:net:1134:18)\n    at afterConnectMultiple (node:net:1715:7)","timestamp":"2025-12-10 11:18:01"}
{"code":"ECONNREFUSED","level":"error","message":"[Redis] Erro na conex칚o:","service":"ez-clips-ai","stack":"AggregateError [ECONNREFUSED]: \n    at internalConnectMultiple (node:net:1134:18)\n    at afterConnectMultiple (node:net:1715:7)","timestamp":"2025-12-10 11:18:01"}
{"code":"ECONNREFUSED","level":"error","message":"[Redis] Erro na conex칚o:","service":"ez-clips-ai","stack":"AggregateError [ECONNREFUSED]: \n    at internalConnectMultiple (node:net:1134:18)\n    at afterConnectMultiple (node:net:1715:7)","timestamp":"2025-12-10 11:18:02"}
{"code":"ECONNREFUSED","level":"error","message":"[Redis YTDL] Erro na conex칚o:","service":"ez-clips-ai","stack":"AggregateError [ECONNREFUSED]: \n    at internalConnectMultiple (node:net:1134:18)\n    at afterConnectMultiple (node:net:1715:7)","timestamp":"2025-12-10 11:18:02"}
{"code":"ECONNREFUSED","level":"error","message":"[Redis] Erro na conex칚o:","service":"ez-clips-ai","stack":"AggregateError [ECONNREFUSED]: \n    at internalConnectMultiple (node:net:1134:18)\n    at afterConnectMultiple (node:net:1715:7)","timestamp":"2025-12-10 11:18:02"}
{"code":"ECONNREFUSED","level":"error","message":"[Redis YTDL] Erro na conex칚o:","service":"ez-clips-ai","stack":"AggregateError [ECONNREFUSED]: \n    at internalConnectMultiple (node:net:1134:18)\n    at afterConnectMultiple (node:net:1715:7)","timestamp":"2025-12-10 11:18:02"}
{"code":"ECONNREFUSED","level":"error","message":"[Redis] Erro na conex칚o:","service":"ez-clips-ai","stack":"AggregateError [ECONNREFUSED]: \n    at internalConnectMultiple (node:net:1134:18)\n    at afterConnectMultiple (node:net:1715:7)","timestamp":"2025-12-10 11:18:03"}
{"code":"ECONNREFUSED","level":"error","message":"[Redis YTDL] Erro na conex칚o:","service":"ez-clips-ai","stack":"AggregateError [ECONNREFUSED]: \n    at internalConnectMultiple (node:net:1134:18)\n    at afterConnectMultiple (node:net:1715:7)","timestamp":"2025-12-10 11:18:03"}
{"code":"ECONNREFUSED","level":"error","message":"[Redis] Erro na conex칚o:","service":"ez-clips-ai","stack":"AggregateError [ECONNREFUSED]: \n    at internalConnectMultiple (node:net:1134:18)\n    at afterConnectMultiple (node:net:1715:7)","timestamp":"2025-12-10 11:18:03"}
{"code":"ECONNREFUSED","level":"error","message":"[Redis YTDL] Erro na conex칚o:","service":"ez-clips-ai","stack":"AggregateError [ECONNREFUSED]: \n    at internalConnectMultiple (node:net:1134:18)\n    at afterConnectMultiple (node:net:1715:7)","timestamp":"2025-12-10 11:18:03"}
{"code":"ECONNREFUSED","level":"error","message":"[Redis] Erro na conex칚o:","service":"ez-clips-ai","stack":"AggregateError [ECONNREFUSED]: \n    at internalConnectMultiple (node:net:1134:18)\n    at afterConnectMultiple (node:net:1715:7)","timestamp":"2025-12-10 11:18:03"}
{"code":"ECONNREFUSED","level":"error","message":"[Redis YTDL] Erro na conex칚o:","service":"ez-clips-ai","stack":"AggregateError [ECONNREFUSED]: \n    at internalConnectMultiple (node:net:1134:18)\n    at afterConnectMultiple (node:net:1715:7)","timestamp":"2025-12-10 11:18:03"}
{"level":"info","message":"[Queue] Fila de processamento de v칤deo inicializada","service":"ez-clips-ai","timestamp":"2025-12-10 11:18:05"}
{"level":"info","message":"游 Backend rodando em http://localhost:3001","service":"ez-clips-ai","timestamp":"2025-12-10 11:18:05"}
{"level":"info","message":"游니 tRPC endpoint: http://localhost:3001/trpc","service":"ez-clips-ai","timestamp":"2025-12-10 11:18:05"}
{"level":"info","message":"仇벒잺  Health check: http://localhost:3001/health","service":"ez-clips-ai","timestamp":"2025-12-10 11:18:05"}
{"level":"info","message":"游댏 Webhook Stripe: http://localhost:3001/api/webhooks/stripe","service":"ez-clips-ai","timestamp":"2025-12-10 11:18:05"}
{"code":"ECONNREFUSED","level":"error","message":"[Redis YTDL] Erro na conex칚o:","service":"ez-clips-ai","stack":"AggregateError [ECONNREFUSED]: \n    at internalConnectMultiple (node:net:1134:18)\n    at afterConnectMultiple (node:net:1715:7)","timestamp":"2025-12-10 11:18:05"}
{"code":"ECONNREFUSED","level":"error","message":"[Redis] Erro na conex칚o:","service":"ez-clips-ai","stack":"AggregateError [ECONNREFUSED]: \n    at internalConnectMultiple (node:net:1134:18)\n    at afterConnectMultiple (node:net:1715:7)","timestamp":"2025-12-10 11:18:05"}
{"code":"ECONNREFUSED","level":"error","message":"[Redis YTDL] Erro na conex칚o:","service":"ez-clips-ai","stack":"AggregateError [ECONNREFUSED]: \n    at internalConnectMultiple (node:net:1134:18)\n    at afterConnectMultiple (node:net:1715:7)","timestamp":"2025-12-10 11:18:05"}
{"code":"ECONNREFUSED","level":"error","message":"[Redis] Erro na conex칚o:","service":"ez-clips-ai","stack":"AggregateError [ECONNREFUSED]: \n    at internalConnectMultiple (node:net:1134:18)\n    at afterConnectMultiple (node:net:1715:7)","timestamp":"2025-12-10 11:18:05"}
{"code":"ECONNREFUSED","level":"error","message":"[Redis] Erro na conex칚o:","service":"ez-clips-ai","stack":"AggregateError [ECONNREFUSED]: \n    at internalConnectMultiple (node:net:1134:18)\n    at afterConnectMultiple (node:net:1715:7)","timestamp":"2025-12-10 11:18:05"}
{"code":"ECONNREFUSED","level":"error","message":"[Redis YTDL] Erro na conex칚o:","service":"ez-clips-ai","stack":"AggregateError [ECONNREFUSED]: \n    at internalConnectMultiple (node:net:1134:18)\n    at afterConnectMultiple (node:net:1715:7)","timestamp":"2025-12-10 11:18:05"}
{"code":"ECONNREFUSED","level":"error","message":"[Redis] Erro na conex칚o:","service":"ez-clips-ai","stack":"AggregateError [ECONNREFUSED]: \n    at internalConnectMultiple (node:net:1134:18)\n    at afterConnectMultiple (node:net:1715:7)","timestamp":"2025-12-10 11:18:05"}
{"code":"ECONNREFUSED","level":"error","message":"[Redis YTDL] Erro na conex칚o:","service":"ez-clips-ai","stack":"AggregateError [ECONNREFUSED]: \n    at internalConnectMultiple (node:net:1134:18)\n    at afterConnectMultiple (node:net:1715:7)","timestamp":"2025-12-10 11:18:05"}
{"code":"ECONNREFUSED","level":"error","message":"[Redis] Erro na conex칚o:","service":"ez-clips-ai","stack":"AggregateError [ECONNREFUSED]: \n    at internalConnectMultiple (node:net:1134:18)\n    at afterConnectMultiple (node:net:1715:7)","timestamp":"2025-12-10 11:18:05"}
{"code":"ECONNREFUSED","level":"error","message":"[Redis YTDL] Erro na conex칚o:","service":"ez-clips-ai","stack":"AggregateError [ECONNREFUSED]: \n    at internalConnectMultiple (node:net:1134:18)\n    at afterConnectMultiple (node:net:1715:7)","timestamp":"2025-12-10 11:18:05"}
{"code":"ECONNREFUSED","level":"error","message":"[Redis] Erro na conex칚o:","service":"ez-clips-ai","stack":"AggregateError [ECONNREFUSED]: \n    at internalConnectMultiple (node:net:1134:18)\n    at afterConnectMultiple (node:net:1715:7)","timestamp":"2025-12-10 11:18:05"}
{"code":"ECONNREFUSED","level":"error","message":"[Redis YTDL] Erro na conex칚o:","service":"ez-clips-ai","stack":"AggregateError [ECONNREFUSED]: \n    at internalConnectMultiple (node:net:1134:18)\n    at afterConnectMultiple (node:net:1715:7)","timestamp":"2025-12-10 11:18:05"}
{"code":"ECONNREFUSED","level":"error","message":"[Redis] Erro na conex칚o:","service":"ez-clips-ai","stack":"AggregateError [ECONNREFUSED]: \n    at internalConnectMultiple (node:net:1134:18)\n    at afterConnectMultiple (node:net:1715:7)","timestamp":"2025-12-10 11:18:06"}
{"code":"ECONNREFUSED","level":"error","message":"[Redis YTDL] Erro na conex칚o:","service":"ez-clips-ai","stack":"AggregateError [ECONNREFUSED]: \n    at internalConnectMultiple (node:net:1134:18)\n    at afterConnectMultiple (node:net:1715:7)","timestamp":"2025-12-10 11:18:06"}
{"code":"ECONNREFUSED","level":"error","message":"[Redis YTDL] Erro na conex칚o:","service":"ez-clips-ai","stack":"AggregateError [ECONNREFUSED]: \n    at internalConnectMultiple (node:net:1134:18)\n    at afterConnectMultiple (node:net:1715:7)","timestamp":"2025-12-10 11:18:06"}
{"code":"ECONNREFUSED","level":"error","message":"[Redis] Erro na conex칚o:","service":"ez-clips-ai","stack":"AggregateError [ECONNREFUSED]: \n    at internalConnectMultiple (node:net:1134:18)\n    at afterConnectMultiple (node:net:1715:7)","timestamp":"2025-12-10 11:18:06"}
{"code":"ECONNREFUSED","level":"error","message":"[Redis YTDL] Erro na conex칚o:","service":"ez-clips-ai","stack":"AggregateError [ECONNREFUSED]: \n    at internalConnectMultiple (node:net:1134:18)\n    at afterConnectMultiple (node:net:1715:7)","timestamp":"2025-12-10 11:18:06"}
{"code":"ECONNREFUSED","level":"error","message":"[Redis] Erro na conex칚o:","service":"ez-clips-ai","stack":"AggregateError [ECONNREFUSED]: \n    at internalConnectMultiple (node:net:1134:18)\n    at afterConnectMultiple (node:net:1715:7)","timestamp":"2025-12-10 11:18:06"}
{"code":"ECONNREFUSED","level":"error","message":"[Redis YTDL] Erro na conex칚o:","service":"ez-clips-ai","stack":"AggregateError [ECONNREFUSED]: \n    at internalConnectMultiple (node:net:1134:18)\n    at afterConnectMultiple (node:net:1715:7)","timestamp":"2025-12-10 11:18:07"}
{"code":"ECONNREFUSED","level":"error","message":"[Redis] Erro na conex칚o:","service":"ez-clips-ai","stack":"AggregateError [ECONNREFUSED]: \n    at internalConnectMultiple (node:net:1134:18)\n    at afterConnectMultiple (node:net:1715:7)","timestamp":"2025-12-10 11:18:07"}
{"level":"info","message":"[Queue] Encerrando fila...","service":"ez-clips-ai","timestamp":"2025-12-10 11:18:07"}
{"code":"ECONNREFUSED","level":"error","message":"[Redis YTDL] Erro na conex칚o:","service":"ez-clips-ai","stack":"AggregateError [ECONNREFUSED]: \n    at internalConnectMultiple (node:net:1134:18)\n    at afterConnectMultiple (node:net:1715:7)","timestamp":"2025-12-10 11:18:07"}
{"code":"ECONNREFUSED","level":"error","message":"[Redis] Erro na conex칚o:","service":"ez-clips-ai","stack":"AggregateError [ECONNREFUSED]: \n    at internalConnectMultiple (node:net:1134:18)\n    at afterConnectMultiple (node:net:1715:7)","timestamp":"2025-12-10 11:18:07"}
{"code":"ECONNREFUSED","level":"error","message":"[Redis] Erro na conex칚o:","service":"ez-clips-ai","stack":"AggregateError [ECONNREFUSED]: \n    at internalConnectMultiple (node:net:1134:18)\n    at afterConnectMultiple (node:net:1715:7)","timestamp":"2025-12-10 11:18:08"}
{"code":"ECONNREFUSED","level":"error","message":"[Redis YTDL] Erro na conex칚o:","service":"ez-clips-ai","stack":"AggregateError [ECONNREFUSED]: \n    at internalConnectMultiple (node:net:1134:18)\n    at afterConnectMultiple (node:net:1715:7)","timestamp":"2025-12-10 11:18:08"}
{"code":"ECONNREFUSED","level":"error","message":"[Redis] Erro na conex칚o:","service":"ez-clips-ai","stack":"AggregateError [ECONNREFUSED]: \n    at internalConnectMultiple (node:net:1134:18)\n    at afterConnectMultiple (node:net:1715:7)","timestamp":"2025-12-10 11:18:08"}
{"code":"ECONNREFUSED","level":"error","message":"[Redis YTDL] Erro na conex칚o:","service":"ez-clips-ai","stack":"AggregateError [ECONNREFUSED]: \n    at internalConnectMultiple (node:net:1134:18)\n    at afterConnectMultiple (node:net:1715:7)","timestamp":"2025-12-10 11:18:08"}
{"code":"ECONNREFUSED","level":"error","message":"[Redis] Erro na conex칚o:","service":"ez-clips-ai","stack":"AggregateError [ECONNREFUSED]: \n    at internalConnectMultiple (node:net:1134:18)\n    at afterConnectMultiple (node:net:1715:7)","timestamp":"2025-12-10 11:18:09"}
{"code":"ECONNREFUSED","level":"error","message":"[Redis YTDL] Erro na conex칚o:","service":"ez-clips-ai","stack":"AggregateError [ECONNREFUSED]: \n    at internalConnectMultiple (node:net:1134:18)\n    at afterConnectMultiple (node:net:1715:7)","timestamp":"2025-12-10 11:18:09"}
{"level":"info","message":"[Queue] Fila de processamento de v칤deo inicializada","service":"ez-clips-ai","timestamp":"2025-12-10 11:18:10"}
{"level":"info","message":"游 Backend rodando em http://localhost:3001","service":"ez-clips-ai","timestamp":"2025-12-10 11:18:10"}
{"level":"info","message":"游니 tRPC endpoint: http://localhost:3001/trpc","service":"ez-clips-ai","timestamp":"2025-12-10 11:18:10"}
{"level":"info","message":"仇벒잺  Health check: http://localhost:3001/health","service":"ez-clips-ai","timestamp":"2025-12-10 11:18:10"}
{"level":"info","message":"游댏 Webhook Stripe: http://localhost:3001/api/webhooks/stripe","service":"ez-clips-ai","timestamp":"2025-12-10 11:18:10"}
{"code":"ECONNREFUSED","level":"error","message":"[Redis] Erro na conex칚o:","service":"ez-clips-ai","stack":"AggregateError [ECONNREFUSED]: \n    at internalConnectMultiple (node:net:1134:18)\n    at afterConnectMultiple (node:net:1715:7)","timestamp":"2025-12-10 11:18:10"}
{"code":"ECONNREFUSED","level":"error","message":"[Redis YTDL] Erro na conex칚o:","service":"ez-clips-ai","stack":"AggregateError [ECONNREFUSED]: \n    at internalConnectMultiple (node:net:1134:18)\n    at afterConnectMultiple (node:net:1715:7)","timestamp":"2025-12-10 11:18:10"}
{"code":"ECONNREFUSED","level":"error","message":"[Redis] Erro na conex칚o:","service":"ez-clips-ai","stack":"AggregateError [ECONNREFUSED]: \n    at internalConnectMultiple (node:net:1134:18)\n    at afterConnectMultiple (node:net:1715:7)","timestamp":"2025-12-10 11:18:11"}
{"code":"ECONNREFUSED","level":"error","message":"[Redis YTDL] Erro na conex칚o:","service":"ez-clips-ai","stack":"AggregateError [ECONNREFUSED]: \n    at internalConnectMultiple (node:net:1134:18)\n    at afterConnectMultiple (node:net:1715:7)","timestamp":"2025-12-10 11:18:11"}
{"code":"ECONNREFUSED","level":"error","message":"[Redis YTDL] Erro na conex칚o:","service":"ez-clips-ai","stack":"AggregateError [ECONNREFUSED]: \n    at internalConnectMultiple (node:net:1134:18)\n    at afterConnectMultiple (node:net:1715:7)","timestamp":"2025-12-10 11:18:11"}
{"code":"ECONNREFUSED","level":"error","message":"[Redis] Erro na conex칚o:","service":"ez-clips-ai","stack":"AggregateError [ECONNREFUSED]: \n    at internalConnectMultiple (node:net:1134:18)\n    at afterConnectMultiple (node:net:1715:7)","timestamp":"2025-12-10 11:18:11"}
{"code":"ECONNREFUSED","level":"error","message":"[Redis] Erro na conex칚o:","service":"ez-clips-ai","stack":"AggregateError [ECONNREFUSED]: \n    at internalConnectMultiple (node:net:1134:18)\n    at afterConnectMultiple (node:net:1715:7)","timestamp":"2025-12-10 11:18:11"}
{"code":"ECONNREFUSED","level":"error","message":"[Redis YTDL] Erro na conex칚o:","service":"ez-clips-ai","stack":"AggregateError [ECONNREFUSED]: \n    at internalConnectMultiple (node:net:1134:18)\n    at afterConnectMultiple (node:net:1715:7)","timestamp":"2025-12-10 11:18:11"}
{"code":"ECONNREFUSED","level":"error","message":"[Redis] Erro na conex칚o:","service":"ez-clips-ai","stack":"AggregateError [ECONNREFUSED]: \n    at internalConnectMultiple (node:net:1134:18)\n    at afterConnectMultiple (node:net:1715:7)","timestamp":"2025-12-10 11:18:11"}
{"code":"ECONNREFUSED","level":"error","message":"[Redis YTDL] Erro na conex칚o:","service":"ez-clips-ai","stack":"AggregateError [ECONNREFUSED]: \n    at internalConnectMultiple (node:net:1134:18)\n    at afterConnectMultiple (node:net:1715:7)","timestamp":"2025-12-10 11:18:11"}
{"code":"ECONNREFUSED","level":"error","message":"[Redis] Erro na conex칚o:","service":"ez-clips-ai","stack":"AggregateError [ECONNREFUSED]: \n    at internalConnectMultiple (node:net:1134:18)\n    at afterConnectMultiple (node:net:1715:7)","timestamp":"2025-12-10 11:18:11"}
{"code":"ECONNREFUSED","level":"error","message":"[Redis YTDL] Erro na conex칚o:","service":"ez-clips-ai","stack":"AggregateError [ECONNREFUSED]: \n    at internalConnectMultiple (node:net:1134:18)\n    at afterConnectMultiple (node:net:1715:7)","timestamp":"2025-12-10 11:18:11"}
{"code":"ECONNREFUSED","level":"error","message":"[Redis] Erro na conex칚o:","service":"ez-clips-ai","stack":"AggregateError [ECONNREFUSED]: \n    at internalConnectMultiple (node:net:1134:18)\n    at afterConnectMultiple (node:net:1715:7)","timestamp":"2025-12-10 11:18:12"}
{"code":"ECONNREFUSED","level":"error","message":"[Redis YTDL] Erro na conex칚o:","service":"ez-clips-ai","stack":"AggregateError [ECONNREFUSED]: \n    at internalConnectMultiple (node:net:1134:18)\n    at afterConnectMultiple (node:net:1715:7)","timestamp":"2025-12-10 11:18:12"}
{"code":"ECONNREFUSED","level":"error","message":"[Redis YTDL] Erro na conex칚o:","service":"ez-clips-ai","stack":"AggregateError [ECONNREFUSED]: \n    at internalConnectMultiple (node:net:1134:18)\n    at afterConnectMultiple (node:net:1715:7)","timestamp":"2025-12-10 11:18:12"}
{"code":"ECONNREFUSED","level":"error","message":"[Redis] Erro na conex칚o:","service":"ez-clips-ai","stack":"AggregateError [ECONNREFUSED]: \n    at internalConnectMultiple (node:net:1134:18)\n    at afterConnectMultiple (node:net:1715:7)","timestamp":"2025-12-10 11:18:12"}
{"code":"ECONNREFUSED","level":"error","message":"[Redis] Erro na conex칚o:","service":"ez-clips-ai","stack":"AggregateError [ECONNREFUSED]: \n    at internalConnectMultiple (node:net:1134:18)\n    at afterConnectMultiple (node:net:1715:7)","timestamp":"2025-12-10 11:18:12"}
{"code":"ECONNREFUSED","level":"error","message":"[Redis YTDL] Erro na conex칚o:","service":"ez-clips-ai","stack":"AggregateError [ECONNREFUSED]: \n    at internalConnectMultiple (node:net:1134:18)\n    at afterConnectMultiple (node:net:1715:7)","timestamp":"2025-12-10 11:18:12"}
{"code":"ECONNREFUSED","level":"error","message":"[Redis] Erro na conex칚o:","service":"ez-clips-ai","stack":"AggregateError [ECONNREFUSED]: \n    at internalConnectMultiple (node:net:1134:18)\n    at afterConnectMultiple (node:net:1715:7)","timestamp":"2025-12-10 11:18:13"}
{"code":"ECONNREFUSED","level":"error","message":"[Redis YTDL] Erro na conex칚o:","service":"ez-clips-ai","stack":"AggregateError [ECONNREFUSED]: \n    at internalConnectMultiple (node:net:1134:18)\n    at afterConnectMultiple (node:net:1715:7)","timestamp":"2025-12-10 11:18:13"}
{"code":"ECONNREFUSED","level":"error","message":"[Redis] Erro na conex칚o:","service":"ez-clips-ai","stack":"AggregateError [ECONNREFUSED]: \n    at internalConnectMultiple (node:net:1134:18)\n    at afterConnectMultiple (node:net:1715:7)","timestamp":"2025-12-10 11:18:13"}
{"code":"ECONNREFUSED","level":"error","message":"[Redis YTDL] Erro na conex칚o:","service":"ez-clips-ai","stack":"AggregateError [ECONNREFUSED]: \n    at internalConnectMultiple (node:net:1134:18)\n    at afterConnectMultiple (node:net:1715:7)","timestamp":"2025-12-10 11:18:13"}
{"code":"ECONNREFUSED","level":"error","message":"[Redis YTDL] Erro na conex칚o:","service":"ez-clips-ai","stack":"AggregateError [ECONNREFUSED]: \n    at internalConnectMultiple (node:net:1134:18)\n    at afterConnectMultiple (node:net:1715:7)","timestamp":"2025-12-10 11:18:14"}
{"code":"ECONNREFUSED","level":"error","message":"[Redis] Erro na conex칚o:","service":"ez-clips-ai","stack":"AggregateError [ECONNREFUSED]: \n    at internalConnectMultiple (node:net:1134:18)\n    at afterConnectMultiple (node:net:1715:7)","timestamp":"2025-12-10 11:18:14"}
{"code":"ECONNREFUSED","level":"error","message":"[Redis YTDL] Erro na conex칚o:","service":"ez-clips-ai","stack":"AggregateError [ECONNREFUSED]: \n    at internalConnectMultiple (node:net:1134:18)\n    at afterConnectMultiple (node:net:1715:7)","timestamp":"2025-12-10 11:18:14"}
{"code":"ECONNREFUSED","level":"error","message":"[Redis] Erro na conex칚o:","service":"ez-clips-ai","stack":"AggregateError [ECONNREFUSED]: \n    at internalConnectMultiple (node:net:1134:18)\n    at afterConnectMultiple (node:net:1715:7)","timestamp":"2025-12-10 11:18:14"}
{"code":"ECONNREFUSED","level":"error","message":"[Redis YTDL] Erro na conex칚o:","service":"ez-clips-ai","stack":"AggregateError [ECONNREFUSED]: \n    at internalConnectMultiple (node:net:1134:18)\n    at afterConnectMultiple (node:net:1715:7)","timestamp":"2025-12-10 11:18:15"}
{"code":"ECONNREFUSED","level":"error","message":"[Redis] Erro na conex칚o:","service":"ez-clips-ai","stack":"AggregateError [ECONNREFUSED]: \n    at internalConnectMultiple (node:net:1134:18)\n    at afterConnectMultiple (node:net:1715:7)","timestamp":"2025-12-10 11:18:15"}
{"code":"ECONNREFUSED","level":"error","message":"[Redis YTDL] Erro na conex칚o:","service":"ez-clips-ai","stack":"AggregateError [ECONNREFUSED]: \n    at internalConnectMultiple (node:net:1134:18)\n    at afterConnectMultiple (node:net:1715:7)","timestamp":"2025-12-10 11:18:16"}
{"code":"ECONNREFUSED","level":"error","message":"[Redis] Erro na conex칚o:","service":"ez-clips-ai","stack":"AggregateError [ECONNREFUSED]: \n    at internalConnectMultiple (node:net:1134:18)\n    at afterConnectMultiple (node:net:1715:7)","timestamp":"2025-12-10 11:18:16"}
{"code":"ECONNREFUSED","level":"error","message":"[Redis YTDL] Erro na conex칚o:","service":"ez-clips-ai","stack":"AggregateError [ECONNREFUSED]: \n    at internalConnectMultiple (node:net:1134:18)\n    at afterConnectMultiple (node:net:1715:7)","timestamp":"2025-12-10 11:18:16"}
{"code":"ECONNREFUSED","level":"error","message":"[Redis] Erro na conex칚o:","service":"ez-clips-ai","stack":"AggregateError [ECONNREFUSED]: \n    at internalConnectMultiple (node:net:1134:18)\n    at afterConnectMultiple (node:net:1715:7)","timestamp":"2025-12-10 11:18:16"}
{"code":"ECONNREFUSED","level":"error","message":"[Redis YTDL] Erro na conex칚o:","service":"ez-clips-ai","stack":"AggregateError [ECONNREFUSED]: \n    at internalConnectMultiple (node:net:1134:18)\n    at afterConnectMultiple (node:net:1715:7)","timestamp":"2025-12-10 11:18:17"}
{"code":"ECONNREFUSED","level":"error","message":"[Redis] Erro na conex칚o:","service":"ez-clips-ai","stack":"AggregateError [ECONNREFUSED]: \n    at internalConnectMultiple (node:net:1134:18)\n    at afterConnectMultiple (node:net:1715:7)","timestamp":"2025-12-10 11:18:17"}
{"code":"ECONNREFUSED","level":"error","message":"[Redis] Erro na conex칚o:","service":"ez-clips-ai","stack":"AggregateError [ECONNREFUSED]: \n    at internalConnectMultiple (node:net:1134:18)\n    at afterConnectMultiple (node:net:1715:7)","timestamp":"2025-12-10 11:18:18"}
{"code":"ECONNREFUSED","level":"error","message":"[Redis YTDL] Erro na conex칚o:","service":"ez-clips-ai","stack":"AggregateError [ECONNREFUSED]: \n    at internalConnectMultiple (node:net:1134:18)\n    at afterConnectMultiple (node:net:1715:7)","timestamp":"2025-12-10 11:18:18"}
{"code":"ECONNREFUSED","level":"error","message":"[Redis YTDL] Erro na conex칚o:","service":"ez-clips-ai","stack":"AggregateError [ECONNREFUSED]: \n    at internalConnectMultiple (node:net:1134:18)\n    at afterConnectMultiple (node:net:1715:7)","timestamp":"2025-12-10 11:18:19"}
{"code":"ECONNREFUSED","level":"error","message":"[Redis] Erro na conex칚o:","service":"ez-clips-ai","stack":"AggregateError [ECONNREFUSED]: \n    at internalConnectMultiple (node:net:1134:18)\n    at afterConnectMultiple (node:net:1715:7)","timestamp":"2025-12-10 11:18:19"}
{"code":"ECONNREFUSED","level":"error","message":"[Redis] Erro na conex칚o:","service":"ez-clips-ai","stack":"AggregateError [ECONNREFUSED]: \n    at internalConnectMultiple (node:net:1134:18)\n    at afterConnectMultiple (node:net:1715:7)","timestamp":"2025-12-10 11:18:20"}
{"code":"ECONNREFUSED","level":"error","message":"[Redis YTDL] Erro na conex칚o:","service":"ez-clips-ai","stack":"AggregateError [ECONNREFUSED]: \n    at internalConnectMultiple (node:net:1134:18)\n    at afterConnectMultiple (node:net:1715:7)","timestamp":"2025-12-10 11:18:20"}
{"code":"ECONNREFUSED","level":"error","message":"[Redis] Erro na conex칚o:","service":"ez-clips-ai","stack":"AggregateError [ECONNREFUSED]: \n    at internalConnectMultiple (node:net:1134:18)\n    at afterConnectMultiple (node:net:1715:7)","timestamp":"2025-12-10 11:18:21"}
{"code":"ECONNREFUSED","level":"error","message":"[Redis YTDL] Erro na conex칚o:","service":"ez-clips-ai","stack":"AggregateError [ECONNREFUSED]: \n    at internalConnectMultiple (node:net:1134:18)\n    at afterConnectMultiple (node:net:1715:7)","timestamp":"2025-12-10 11:18:21"}
{"code":"ECONNREFUSED","level":"error","message":"[Redis] Erro na conex칚o:","service":"ez-clips-ai","stack":"AggregateError [ECONNREFUSED]: \n    at internalConnectMultiple (node:net:1134:18)\n    at afterConnectMultiple (node:net:1715:7)","timestamp":"2025-12-10 11:18:22"}
{"code":"ECONNREFUSED","level":"error","message":"[Redis YTDL] Erro na conex칚o:","service":"ez-clips-ai","stack":"AggregateError [ECONNREFUSED]: \n    at internalConnectMultiple (node:net:1134:18)\n    at afterConnectMultiple (node:net:1715:7)","timestamp":"2025-12-10 11:18:22"}
{"code":"ECONNREFUSED","level":"error","message":"[Redis] Erro na conex칚o:","service":"ez-clips-ai","stack":"AggregateError [ECONNREFUSED]: \n    at internalConnectMultiple (node:net:1134:18)\n    at afterConnectMultiple (node:net:1715:7)","timestamp":"2025-12-10 11:18:23"}
{"code":"ECONNREFUSED","level":"error","message":"[Redis YTDL] Erro na conex칚o:","service":"ez-clips-ai","stack":"AggregateError [ECONNREFUSED]: \n    at internalConnectMultiple (node:net:1134:18)\n    at afterConnectMultiple (node:net:1715:7)","timestamp":"2025-12-10 11:18:23"}
{"code":"ECONNREFUSED","level":"error","message":"[Redis] Erro na conex칚o:","service":"ez-clips-ai","stack":"AggregateError [ECONNREFUSED]: \n    at internalConnectMultiple (node:net:1134:18)\n    at afterConnectMultiple (node:net:1715:7)","timestamp":"2025-12-10 11:18:24"}
{"code":"ECONNREFUSED","level":"error","message":"[Redis YTDL] Erro na conex칚o:","service":"ez-clips-ai","stack":"AggregateError [ECONNREFUSED]: \n    at internalConnectMultiple (node:net:1134:18)\n    at afterConnectMultiple (node:net:1715:7)","timestamp":"2025-12-10 11:18:24"}
{"code":"ECONNREFUSED","level":"error","message":"[Redis] Erro na conex칚o:","service":"ez-clips-ai","stack":"AggregateError [ECONNREFUSED]: \n    at internalConnectMultiple (node:net:1134:18)\n    at afterConnectMultiple (node:net:1715:7)","timestamp":"2025-12-10 11:18:26"}
{"code":"ECONNREFUSED","level":"error","message":"[Redis YTDL] Erro na conex칚o:","service":"ez-clips-ai","stack":"AggregateError [ECONNREFUSED]: \n    at internalConnectMultiple (node:net:1134:18)\n    at afterConnectMultiple (node:net:1715:7)","timestamp":"2025-12-10 11:18:26"}
{"code":"ECONNREFUSED","level":"error","message":"[Redis YTDL] Erro na conex칚o:","service":"ez-clips-ai","stack":"AggregateError [ECONNREFUSED]: \n    at internalConnectMultiple (node:net:1134:18)\n    at afterConnectMultiple (node:net:1715:7)","timestamp":"2025-12-10 11:18:27"}
{"code":"ECONNREFUSED","level":"error","message":"[Redis] Erro na conex칚o:","service":"ez-clips-ai","stack":"AggregateError [ECONNREFUSED]: \n    at internalConnectMultiple (node:net:1134:18)\n    at afterConnectMultiple (node:net:1715:7)","timestamp":"2025-12-10 11:18:27"}
{"code":"ECONNREFUSED","level":"error","message":"[Redis YTDL] Erro na conex칚o:","service":"ez-clips-ai","stack":"AggregateError [ECONNREFUSED]: \n    at internalConnectMultiple (node:net:1134:18)\n    at afterConnectMultiple (node:net:1715:7)","timestamp":"2025-12-10 11:18:28"}
{"code":"ECONNREFUSED","level":"error","message":"[Redis] Erro na conex칚o:","service":"ez-clips-ai","stack":"AggregateError [ECONNREFUSED]: \n    at internalConnectMultiple (node:net:1134:18)\n    at afterConnectMultiple (node:net:1715:7)","timestamp":"2025-12-10 11:18:28"}
{"code":"ECONNREFUSED","level":"error","message":"[Redis] Erro na conex칚o:","service":"ez-clips-ai","stack":"AggregateError [ECONNREFUSED]: \n    at internalConnectMultiple (node:net:1134:18)\n    at afterConnectMultiple (node:net:1715:7)","timestamp":"2025-12-10 11:18:29"}
{"code":"ECONNREFUSED","level":"error","message":"[Redis YTDL] Erro na conex칚o:","service":"ez-clips-ai","stack":"AggregateError [ECONNREFUSED]: \n    at internalConnectMultiple (node:net:1134:18)\n    at afterConnectMultiple (node:net:1715:7)","timestamp":"2025-12-10 11:18:29"}
{"code":"ECONNREFUSED","level":"error","message":"[Redis] Erro na conex칚o:","service":"ez-clips-ai","stack":"AggregateError [ECONNREFUSED]: \n    at internalConnectMultiple (node:net:1134:18)\n    at afterConnectMultiple (node:net:1715:7)","timestamp":"2025-12-10 11:18:31"}
{"code":"ECONNREFUSED","level":"error","message":"[Redis YTDL] Erro na conex칚o:","service":"ez-clips-ai","stack":"AggregateError [ECONNREFUSED]: \n    at internalConnectMultiple (node:net:1134:18)\n    at afterConnectMultiple (node:net:1715:7)","timestamp":"2025-12-10 11:18:31"}
{"level":"info","message":"[Queue] Encerrando fila...","service":"ez-clips-ai","timestamp":"2025-12-10 11:18:31"}
{"code":"ECONNREFUSED","level":"error","message":"[Redis] Erro na conex칚o:","service":"ez-clips-ai","stack":"AggregateError [ECONNREFUSED]: \n    at internalConnectMultiple (node:net:1134:18)\n    at afterConnectMultiple (node:net:1715:7)","timestamp":"2025-12-10 11:18:32"}
{"code":"ECONNREFUSED","level":"error","message":"[Redis YTDL] Erro na conex칚o:","service":"ez-clips-ai","stack":"AggregateError [ECONNREFUSED]: \n    at internalConnectMultiple (node:net:1134:18)\n    at afterConnectMultiple (node:net:1715:7)","timestamp":"2025-12-10 11:18:32"}
{"level":"info","message":"[Queue] Fila de processamento de v칤deo inicializada","service":"ez-clips-ai","timestamp":"2025-12-10 11:18:33"}
{"level":"info","message":"游 Backend rodando em http://localhost:3001","service":"ez-clips-ai","timestamp":"2025-12-10 11:18:33"}
{"level":"info","message":"游니 tRPC endpoint: http://localhost:3001/trpc","service":"ez-clips-ai","timestamp":"2025-12-10 11:18:33"}
{"level":"info","message":"仇벒잺  Health check: http://localhost:3001/health","service":"ez-clips-ai","timestamp":"2025-12-10 11:18:33"}
{"level":"info","message":"游댏 Webhook Stripe: http://localhost:3001/api/webhooks/stripe","service":"ez-clips-ai","timestamp":"2025-12-10 11:18:33"}
{"code":"ECONNREFUSED","level":"error","message":"[Redis] Erro na conex칚o:","service":"ez-clips-ai","stack":"AggregateError [ECONNREFUSED]: \n    at internalConnectMultiple (node:net:1134:18)\n    at afterConnectMultiple (node:net:1715:7)","timestamp":"2025-12-10 11:18:33"}
{"code":"ECONNREFUSED","level":"error","message":"[Redis YTDL] Erro na conex칚o:","service":"ez-clips-ai","stack":"AggregateError [ECONNREFUSED]: \n    at internalConnectMultiple (node:net:1134:18)\n    at afterConnectMultiple (node:net:1715:7)","timestamp":"2025-12-10 11:18:33"}
{"code":"ECONNREFUSED","level":"error","message":"[Redis] Erro na conex칚o:","service":"ez-clips-ai","stack":"AggregateError [ECONNREFUSED]: \n    at internalConnectMultiple (node:net:1134:18)\n    at afterConnectMultiple (node:net:1715:7)","timestamp":"2025-12-10 11:18:33"}
{"code":"ECONNREFUSED","level":"error","message":"[Redis YTDL] Erro na conex칚o:","service":"ez-clips-ai","stack":"AggregateError [ECONNREFUSED]: \n    at internalConnectMultiple (node:net:1134:18)\n    at afterConnectMultiple (node:net:1715:7)","timestamp":"2025-12-10 11:18:33"}
{"code":"ECONNREFUSED","level":"error","message":"[Redis YTDL] Erro na conex칚o:","service":"ez-clips-ai","stack":"AggregateError [ECONNREFUSED]: \n    at internalConnectMultiple (node:net:1134:18)\n    at afterConnectMultiple (node:net:1715:7)","timestamp":"2025-12-10 11:18:33"}
{"code":"ECONNREFUSED","level":"error","message":"[Redis] Erro na conex칚o:","service":"ez-clips-ai","stack":"AggregateError [ECONNREFUSED]: \n    at internalConnectMultiple (node:net:1134:18)\n    at afterConnectMultiple (node:net:1715:7)","timestamp":"2025-12-10 11:18:33"}
{"code":"ECONNREFUSED","level":"error","message":"[Redis YTDL] Erro na conex칚o:","service":"ez-clips-ai","stack":"AggregateError [ECONNREFUSED]: \n    at internalConnectMultiple (node:net:1134:18)\n    at afterConnectMultiple (node:net:1715:7)","timestamp":"2025-12-10 11:18:33"}
{"code":"ECONNREFUSED","level":"error","message":"[Redis] Erro na conex칚o:","service":"ez-clips-ai","stack":"AggregateError [ECONNREFUSED]: \n    at internalConnectMultiple (node:net:1134:18)\n    at afterConnectMultiple (node:net:1715:7)","timestamp":"2025-12-10 11:18:33"}
{"code":"ECONNREFUSED","level":"error","message":"[Redis YTDL] Erro na conex칚o:","service":"ez-clips-ai","stack":"AggregateError [ECONNREFUSED]: \n    at internalConnectMultiple (node:net:1134:18)\n    at afterConnectMultiple (node:net:1715:7)","timestamp":"2025-12-10 11:18:33"}
{"code":"ECONNREFUSED","level":"error","message":"[Redis] Erro na conex칚o:","service":"ez-clips-ai","stack":"AggregateError [ECONNREFUSED]: \n    at internalConnectMultiple (node:net:1134:18)\n    at afterConnectMultiple (node:net:1715:7)","timestamp":"2025-12-10 11:18:33"}
{"code":"ECONNREFUSED","level":"error","message":"[Redis YTDL] Erro na conex칚o:","service":"ez-clips-ai","stack":"AggregateError [ECONNREFUSED]: \n    at internalConnectMultiple (node:net:1134:18)\n    at afterConnectMultiple (node:net:1715:7)","timestamp":"2025-12-10 11:18:34"}
{"code":"ECONNREFUSED","level":"error","message":"[Redis] Erro na conex칚o:","service":"ez-clips-ai","stack":"AggregateError [ECONNREFUSED]: \n    at internalConnectMultiple (node:net:1134:18)\n    at afterConnectMultiple (node:net:1715:7)","timestamp":"2025-12-10 11:18:34"}
{"code":"ECONNREFUSED","level":"error","message":"[Redis] Erro na conex칚o:","service":"ez-clips-ai","stack":"AggregateError [ECONNREFUSED]: \n    at internalConnectMultiple (node:net:1134:18)\n    at afterConnectMultiple (node:net:1715:7)","timestamp":"2025-12-10 11:18:34"}
{"code":"ECONNREFUSED","level":"error","message":"[Redis YTDL] Erro na conex칚o:","service":"ez-clips-ai","stack":"AggregateError [ECONNREFUSED]: \n    at internalConnectMultiple (node:net:1134:18)\n    at afterConnectMultiple (node:net:1715:7)","timestamp":"2025-12-10 11:18:34"}
{"code":"ECONNREFUSED","level":"error","message":"[Redis YTDL] Erro na conex칚o:","service":"ez-clips-ai","stack":"AggregateError [ECONNREFUSED]: \n    at internalConnectMultiple (node:net:1134:18)\n    at afterConnectMultiple (node:net:1715:7)","timestamp":"2025-12-10 11:18:34"}
{"code":"ECONNREFUSED","level":"error","message":"[Redis] Erro na conex칚o:","service":"ez-clips-ai","stack":"AggregateError [ECONNREFUSED]: \n    at internalConnectMultiple (node:net:1134:18)\n    at afterConnectMultiple (node:net:1715:7)","timestamp":"2025-12-10 11:18:34"}
{"code":"ECONNREFUSED","level":"error","message":"[Redis YTDL] Erro na conex칚o:","service":"ez-clips-ai","stack":"AggregateError [ECONNREFUSED]: \n    at internalConnectMultiple (node:net:1134:18)\n    at afterConnectMultiple (node:net:1715:7)","timestamp":"2025-12-10 11:18:34"}
{"code":"ECONNREFUSED","level":"error","message":"[Redis] Erro na conex칚o:","service":"ez-clips-ai","stack":"AggregateError [ECONNREFUSED]: \n    at internalConnectMultiple (node:net:1134:18)\n    at afterConnectMultiple (node:net:1715:7)","timestamp":"2025-12-10 11:18:34"}
{"code":"ECONNREFUSED","level":"error","message":"[Redis YTDL] Erro na conex칚o:","service":"ez-clips-ai","stack":"AggregateError [ECONNREFUSED]: \n    at internalConnectMultiple (node:net:1134:18)\n    at afterConnectMultiple (node:net:1715:7)","timestamp":"2025-12-10 11:18:35"}
{"code":"ECONNREFUSED","level":"error","message":"[Redis] Erro na conex칚o:","service":"ez-clips-ai","stack":"AggregateError [ECONNREFUSED]: \n    at internalConnectMultiple (node:net:1134:18)\n    at afterConnectMultiple (node:net:1715:7)","timestamp":"2025-12-10 11:18:35"}
{"code":"ECONNREFUSED","level":"error","message":"[Redis YTDL] Erro na conex칚o:","service":"ez-clips-ai","stack":"AggregateError [ECONNREFUSED]: \n    at internalConnectMultiple (node:net:1134:18)\n    at afterConnectMultiple (node:net:1715:7)","timestamp":"2025-12-10 11:18:35"}
{"code":"ECONNREFUSED","level":"error","message":"[Redis] Erro na conex칚o:","service":"ez-clips-ai","stack":"AggregateError [ECONNREFUSED]: \n    at internalConnectMultiple (node:net:1134:18)\n    at afterConnectMultiple (node:net:1715:7)","timestamp":"2025-12-10 11:18:35"}
{"code":"ECONNREFUSED","level":"error","message":"[Redis] Erro na conex칚o:","service":"ez-clips-ai","stack":"AggregateError [ECONNREFUSED]: \n    at internalConnectMultiple (node:net:1134:18)\n    at afterConnectMultiple (node:net:1715:7)","timestamp":"2025-12-10 11:18:35"}
{"code":"ECONNREFUSED","level":"error","message":"[Redis YTDL] Erro na conex칚o:","service":"ez-clips-ai","stack":"AggregateError [ECONNREFUSED]: \n    at internalConnectMultiple (node:net:1134:18)\n    at afterConnectMultiple (node:net:1715:7)","timestamp":"2025-12-10 11:18:35"}
{"code":"ECONNREFUSED","level":"error","message":"[Redis YTDL] Erro na conex칚o:","service":"ez-clips-ai","stack":"AggregateError [ECONNREFUSED]: \n    at internalConnectMultiple (node:net:1134:18)\n    at afterConnectMultiple (node:net:1715:7)","timestamp":"2025-12-10 11:18:36"}
{"code":"ECONNREFUSED","level":"error","message":"[Redis] Erro na conex칚o:","service":"ez-clips-ai","stack":"AggregateError [ECONNREFUSED]: \n    at internalConnectMultiple (node:net:1134:18)\n    at afterConnectMultiple (node:net:1715:7)","timestamp":"2025-12-10 11:18:36"}
{"code":"ECONNREFUSED","level":"error","message":"[Redis YTDL] Erro na conex칚o:","service":"ez-clips-ai","stack":"AggregateError [ECONNREFUSED]: \n    at internalConnectMultiple (node:net:1134:18)\n    at afterConnectMultiple (node:net:1715:7)","timestamp":"2025-12-10 11:18:36"}
{"code":"ECONNREFUSED","level":"error","message":"[Redis] Erro na conex칚o:","service":"ez-clips-ai","stack":"AggregateError [ECONNREFUSED]: \n    at internalConnectMultiple (node:net:1134:18)\n    at afterConnectMultiple (node:net:1715:7)","timestamp":"2025-12-10 11:18:36"}
{"code":"ECONNREFUSED","level":"error","message":"[Redis] Erro na conex칚o:","service":"ez-clips-ai","stack":"AggregateError [ECONNREFUSED]: \n    at internalConnectMultiple (node:net:1134:18)\n    at afterConnectMultiple (node:net:1715:7)","timestamp":"2025-12-10 11:18:37"}
{"code":"ECONNREFUSED","level":"error","message":"[Redis YTDL] Erro na conex칚o:","service":"ez-clips-ai","stack":"AggregateError [ECONNREFUSED]: \n    at internalConnectMultiple (node:net:1134:18)\n    at afterConnectMultiple (node:net:1715:7)","timestamp":"2025-12-10 11:18:37"}
{"code":"ECONNREFUSED","level":"error","message":"[Redis] Erro na conex칚o:","service":"ez-clips-ai","stack":"AggregateError [ECONNREFUSED]: \n    at internalConnectMultiple (node:net:1134:18)\n    at afterConnectMultiple (node:net:1715:7)","timestamp":"2025-12-10 11:18:37"}
{"code":"ECONNREFUSED","level":"error","message":"[Redis YTDL] Erro na conex칚o:","service":"ez-clips-ai","stack":"AggregateError [ECONNREFUSED]: \n    at internalConnectMultiple (node:net:1134:18)\n    at afterConnectMultiple (node:net:1715:7)","timestamp":"2025-12-10 11:18:37"}
{"code":"ECONNREFUSED","level":"error","message":"[Redis] Erro na conex칚o:","service":"ez-clips-ai","stack":"AggregateError [ECONNREFUSED]: \n    at internalConnectMultiple (node:net:1134:18)\n    at afterConnectMultiple (node:net:1715:7)","timestamp":"2025-12-10 11:18:38"}
{"code":"ECONNREFUSED","level":"error","message":"[Redis YTDL] Erro na conex칚o:","service":"ez-clips-ai","stack":"AggregateError [ECONNREFUSED]: \n    at internalConnectMultiple (node:net:1134:18)\n    at afterConnectMultiple (node:net:1715:7)","timestamp":"2025-12-10 11:18:38"}
{"code":"ECONNREFUSED","level":"error","message":"[Redis YTDL] Erro na conex칚o:","service":"ez-clips-ai","stack":"AggregateError [ECONNREFUSED]: \n    at internalConnectMultiple (node:net:1134:18)\n    at afterConnectMultiple (node:net:1715:7)","timestamp":"2025-12-10 11:18:39"}
{"code":"ECONNREFUSED","level":"error","message":"[Redis] Erro na conex칚o:","service":"ez-clips-ai","stack":"AggregateError [ECONNREFUSED]: \n    at internalConnectMultiple (node:net:1134:18)\n    at afterConnectMultiple (node:net:1715:7)","timestamp":"2025-12-10 11:18:39"}
{"code":"ECONNREFUSED","level":"error","message":"[Redis YTDL] Erro na conex칚o:","service":"ez-clips-ai","stack":"AggregateError [ECONNREFUSED]: \n    at internalConnectMultiple (node:net:1134:18)\n    at afterConnectMultiple (node:net:1715:7)","timestamp":"2025-12-10 11:18:40"}
{"code":"ECONNREFUSED","level":"error","message":"[Redis] Erro na conex칚o:","service":"ez-clips-ai","stack":"AggregateError [ECONNREFUSED]: \n    at internalConnectMultiple (node:net:1134:18)\n    at afterConnectMultiple (node:net:1715:7)","timestamp":"2025-12-10 11:18:40"}
{"code":"ECONNREFUSED","level":"error","message":"[Redis] Erro na conex칚o:","service":"ez-clips-ai","stack":"AggregateError [ECONNREFUSED]: \n    at internalConnectMultiple (node:net:1134:18)\n    at afterConnectMultiple (node:net:1715:7)","timestamp":"2025-12-10 11:18:41"}
{"code":"ECONNREFUSED","level":"error","message":"[Redis YTDL] Erro na conex칚o:","service":"ez-clips-ai","stack":"AggregateError [ECONNREFUSED]: \n    at internalConnectMultiple (node:net:1134:18)\n    at afterConnectMultiple (node:net:1715:7)","timestamp":"2025-12-10 11:18:41"}
{"code":"ECONNREFUSED","level":"error","message":"[Redis YTDL] Erro na conex칚o:","service":"ez-clips-ai","stack":"AggregateError [ECONNREFUSED]: \n    at internalConnectMultiple (node:net:1134:18)\n    at afterConnectMultiple (node:net:1715:7)","timestamp":"2025-12-10 11:18:41"}
{"code":"ECONNREFUSED","level":"error","message":"[Redis] Erro na conex칚o:","service":"ez-clips-ai","stack":"AggregateError [ECONNREFUSED]: \n    at internalConnectMultiple (node:net:1134:18)\n    at afterConnectMultiple (node:net:1715:7)","timestamp":"2025-12-10 11:18:41"}
{"code":"ECONNREFUSED","level":"error","message":"[Redis YTDL] Erro na conex칚o:","service":"ez-clips-ai","stack":"AggregateError [ECONNREFUSED]: \n    at internalConnectMultiple (node:net:1134:18)\n    at afterConnectMultiple (node:net:1715:7)","timestamp":"2025-12-10 11:18:42"}
{"code":"ECONNREFUSED","level":"error","message":"[Redis] Erro na conex칚o:","service":"ez-clips-ai","stack":"AggregateError [ECONNREFUSED]: \n    at internalConnectMultiple (node:net:1134:18)\n    at afterConnectMultiple (node:net:1715:7)","timestamp":"2025-12-10 11:18:42"}
{"code":"ECONNREFUSED","level":"error","message":"[Redis YTDL] Erro na conex칚o:","service":"ez-clips-ai","stack":"AggregateError [ECONNREFUSED]: \n    at internalConnectMultiple (node:net:1134:18)\n    at afterConnectMultiple (node:net:1715:7)","timestamp":"2025-12-10 11:18:43"}
{"code":"ECONNREFUSED","level":"error","message":"[Redis] Erro na conex칚o:","service":"ez-clips-ai","stack":"AggregateError [ECONNREFUSED]: \n    at internalConnectMultiple (node:net:1134:18)\n    at afterConnectMultiple (node:net:1715:7)","timestamp":"2025-12-10 11:18:43"}
{"code":"ECONNREFUSED","level":"error","message":"[Redis YTDL] Erro na conex칚o:","service":"ez-clips-ai","stack":"AggregateError [ECONNREFUSED]: \n    at internalConnectMultiple (node:net:1134:18)\n    at afterConnectMultiple (node:net:1715:7)","timestamp":"2025-12-10 11:18:45"}
{"code":"ECONNREFUSED","level":"error","message":"[Redis] Erro na conex칚o:","service":"ez-clips-ai","stack":"AggregateError [ECONNREFUSED]: \n    at internalConnectMultiple (node:net:1134:18)\n    at afterConnectMultiple (node:net:1715:7)","timestamp":"2025-12-10 11:18:45"}
{"code":"ECONNREFUSED","level":"error","message":"[Redis YTDL] Erro na conex칚o:","service":"ez-clips-ai","stack":"AggregateError [ECONNREFUSED]: \n    at internalConnectMultiple (node:net:1134:18)\n    at afterConnectMultiple (node:net:1715:7)","timestamp":"2025-12-10 11:18:46"}
{"code":"ECONNREFUSED","level":"error","message":"[Redis] Erro na conex칚o:","service":"ez-clips-ai","stack":"AggregateError [ECONNREFUSED]: \n    at internalConnectMultiple (node:net:1134:18)\n    at afterConnectMultiple (node:net:1715:7)","timestamp":"2025-12-10 11:18:46"}
{"code":"ECONNREFUSED","level":"error","message":"[Redis YTDL] Erro na conex칚o:","service":"ez-clips-ai","stack":"AggregateError [ECONNREFUSED]: \n    at internalConnectMultiple (node:net:1134:18)\n    at afterConnectMultiple (node:net:1715:7)","timestamp":"2025-12-10 11:18:47"}
{"code":"ECONNREFUSED","level":"error","message":"[Redis] Erro na conex칚o:","service":"ez-clips-ai","stack":"AggregateError [ECONNREFUSED]: \n    at internalConnectMultiple (node:net:1134:18)\n    at afterConnectMultiple (node:net:1715:7)","timestamp":"2025-12-10 11:18:47"}
{"code":"ECONNREFUSED","level":"error","message":"[Redis YTDL] Erro na conex칚o:","service":"ez-clips-ai","stack":"AggregateError [ECONNREFUSED]: \n    at internalConnectMultiple (node:net:1134:18)\n    at afterConnectMultiple (node:net:1715:7)","timestamp":"2025-12-10 11:18:48"}
{"code":"ECONNREFUSED","level":"error","message":"[Redis] Erro na conex칚o:","service":"ez-clips-ai","stack":"AggregateError [ECONNREFUSED]: \n    at internalConnectMultiple (node:net:1134:18)\n    at afterConnectMultiple (node:net:1715:7)","timestamp":"2025-12-10 11:18:48"}
{"code":"ECONNREFUSED","level":"error","message":"[Redis] Erro na conex칚o:","service":"ez-clips-ai","stack":"AggregateError [ECONNREFUSED]: \n    at internalConnectMultiple (node:net:1134:18)\n    at afterConnectMultiple (node:net:1715:7)","timestamp":"2025-12-10 11:18:49"}
{"code":"ECONNREFUSED","level":"error","message":"[Redis YTDL] Erro na conex칚o:","service":"ez-clips-ai","stack":"AggregateError [ECONNREFUSED]: \n    at internalConnectMultiple (node:net:1134:18)\n    at afterConnectMultiple (node:net:1715:7)","timestamp":"2025-12-10 11:18:49"}
{"code":"ECONNREFUSED","level":"error","message":"[Redis YTDL] Erro na conex칚o:","service":"ez-clips-ai","stack":"AggregateError [ECONNREFUSED]: \n    at internalConnectMultiple (node:net:1134:18)\n    at afterConnectMultiple (node:net:1715:7)","timestamp":"2025-12-10 11:18:51"}
{"code":"ECONNREFUSED","level":"error","message":"[Redis] Erro na conex칚o:","service":"ez-clips-ai","stack":"AggregateError [ECONNREFUSED]: \n    at internalConnectMultiple (node:net:1134:18)\n    at afterConnectMultiple (node:net:1715:7)","timestamp":"2025-12-10 11:18:51"}
{"code":"ECONNREFUSED","level":"error","message":"[Redis] Erro na conex칚o:","service":"ez-clips-ai","stack":"AggregateError [ECONNREFUSED]: \n    at internalConnectMultiple (node:net:1134:18)\n    at afterConnectMultiple (node:net:1715:7)","timestamp":"2025-12-10 11:18:52"}
{"code":"ECONNREFUSED","level":"error","message":"[Redis YTDL] Erro na conex칚o:","service":"ez-clips-ai","stack":"AggregateError [ECONNREFUSED]: \n    at internalConnectMultiple (node:net:1134:18)\n    at afterConnectMultiple (node:net:1715:7)","timestamp":"2025-12-10 11:18:52"}
{"code":"ECONNREFUSED","level":"error","message":"[Redis] Erro na conex칚o:","service":"ez-clips-ai","stack":"AggregateError [ECONNREFUSED]: \n    at internalConnectMultiple (node:net:1134:18)\n    at afterConnectMultiple (node:net:1715:7)","timestamp":"2025-12-10 11:18:53"}
{"code":"ECONNREFUSED","level":"error","message":"[Redis YTDL] Erro na conex칚o:","service":"ez-clips-ai","stack":"AggregateError [ECONNREFUSED]: \n    at internalConnectMultiple (node:net:1134:18)\n    at afterConnectMultiple (node:net:1715:7)","timestamp":"2025-12-10 11:18:53"}
{"code":"ECONNREFUSED","level":"error","message":"[Redis YTDL] Erro na conex칚o:","service":"ez-clips-ai","stack":"AggregateError [ECONNREFUSED]: \n    at internalConnectMultiple (node:net:1134:18)\n    at afterConnectMultiple (node:net:1715:7)","timestamp":"2025-12-10 11:18:55"}
{"code":"ECONNREFUSED","level":"error","message":"[Redis] Erro na conex칚o:","service":"ez-clips-ai","stack":"AggregateError [ECONNREFUSED]: \n    at internalConnectMultiple (node:net:1134:18)\n    at afterConnectMultiple (node:net:1715:7)","timestamp":"2025-12-10 11:18:55"}
{"code":"ECONNREFUSED","level":"error","message":"[Redis YTDL] Erro na conex칚o:","service":"ez-clips-ai","stack":"AggregateError [ECONNREFUSED]: \n    at internalConnectMultiple (node:net:1134:18)\n    at afterConnectMultiple (node:net:1715:7)","timestamp":"2025-12-10 11:18:56"}
{"code":"ECONNREFUSED","level":"error","message":"[Redis] Erro na conex칚o:","service":"ez-clips-ai","stack":"AggregateError [ECONNREFUSED]: \n    at internalConnectMultiple (node:net:1134:18)\n    at afterConnectMultiple (node:net:1715:7)","timestamp":"2025-12-10 11:18:56"}
{"code":"ECONNREFUSED","level":"error","message":"[Redis YTDL] Erro na conex칚o:","service":"ez-clips-ai","stack":"AggregateError [ECONNREFUSED]: \n    at internalConnectMultiple (node:net:1134:18)\n    at afterConnectMultiple (node:net:1715:7)","timestamp":"2025-12-10 11:18:58"}
{"code":"ECONNREFUSED","level":"error","message":"[Redis] Erro na conex칚o:","service":"ez-clips-ai","stack":"AggregateError [ECONNREFUSED]: \n    at internalConnectMultiple (node:net:1134:18)\n    at afterConnectMultiple (node:net:1715:7)","timestamp":"2025-12-10 11:18:58"}
{"code":"ECONNREFUSED","level":"error","message":"[Redis YTDL] Erro na conex칚o:","service":"ez-clips-ai","stack":"AggregateError [ECONNREFUSED]: \n    at internalConnectMultiple (node:net:1134:18)\n    at afterConnectMultiple (node:net:1715:7)","timestamp":"2025-12-10 11:18:59"}
{"code":"ECONNREFUSED","level":"error","message":"[Redis] Erro na conex칚o:","service":"ez-clips-ai","stack":"AggregateError [ECONNREFUSED]: \n    at internalConnectMultiple (node:net:1134:18)\n    at afterConnectMultiple (node:net:1715:7)","timestamp":"2025-12-10 11:18:59"}
{"code":"ECONNREFUSED","level":"error","message":"[Redis YTDL] Erro na conex칚o:","service":"ez-clips-ai","stack":"AggregateError [ECONNREFUSED]: \n    at internalConnectMultiple (node:net:1134:18)\n    at afterConnectMultiple (node:net:1715:7)","timestamp":"2025-12-10 11:19:01"}
{"code":"ECONNREFUSED","level":"error","message":"[Redis] Erro na conex칚o:","service":"ez-clips-ai","stack":"AggregateError [ECONNREFUSED]: \n    at internalConnectMultiple (node:net:1134:18)\n    at afterConnectMultiple (node:net:1715:7)","timestamp":"2025-12-10 11:19:01"}
{"code":"ECONNREFUSED","level":"error","message":"[Redis YTDL] Erro na conex칚o:","service":"ez-clips-ai","stack":"AggregateError [ECONNREFUSED]: \n    at internalConnectMultiple (node:net:1134:18)\n    at afterConnectMultiple (node:net:1715:7)","timestamp":"2025-12-10 11:19:03"}
{"code":"ECONNREFUSED","level":"error","message":"[Redis] Erro na conex칚o:","service":"ez-clips-ai","stack":"AggregateError [ECONNREFUSED]: \n    at internalConnectMultiple (node:net:1134:18)\n    at afterConnectMultiple (node:net:1715:7)","timestamp":"2025-12-10 11:19:03"}
{"code":"ECONNREFUSED","level":"error","message":"[Redis] Erro na conex칚o:","service":"ez-clips-ai","stack":"AggregateError [ECONNREFUSED]: \n    at internalConnectMultiple (node:net:1134:18)\n    at afterConnectMultiple (node:net:1715:7)","timestamp":"2025-12-10 11:19:04"}
{"code":"ECONNREFUSED","level":"error","message":"[Redis YTDL] Erro na conex칚o:","service":"ez-clips-ai","stack":"AggregateError [ECONNREFUSED]: \n    at internalConnectMultiple (node:net:1134:18)\n    at afterConnectMultiple (node:net:1715:7)","timestamp":"2025-12-10 11:19:04"}
{"code":"ECONNREFUSED","level":"error","message":"[Redis] Erro na conex칚o:","service":"ez-clips-ai","stack":"AggregateError [ECONNREFUSED]: \n    at internalConnectMultiple (node:net:1134:18)\n    at afterConnectMultiple (node:net:1715:7)","timestamp":"2025-12-10 11:19:06"}
{"code":"ECONNREFUSED","level":"error","message":"[Redis YTDL] Erro na conex칚o:","service":"ez-clips-ai","stack":"AggregateError [ECONNREFUSED]: \n    at internalConnectMultiple (node:net:1134:18)\n    at afterConnectMultiple (node:net:1715:7)","timestamp":"2025-12-10 11:19:06"}
{"code":"ECONNREFUSED","level":"error","message":"[Redis] Erro na conex칚o:","service":"ez-clips-ai","stack":"AggregateError [ECONNREFUSED]: \n    at internalConnectMultiple (node:net:1134:18)\n    at afterConnectMultiple (node:net:1715:7)","timestamp":"2025-12-10 11:19:08"}
{"code":"ECONNREFUSED","level":"error","message":"[Redis YTDL] Erro na conex칚o:","service":"ez-clips-ai","stack":"AggregateError [ECONNREFUSED]: \n    at internalConnectMultiple (node:net:1134:18)\n    at afterConnectMultiple (node:net:1715:7)","timestamp":"2025-12-10 11:19:08"}
{"code":"ECONNREFUSED","level":"error","message":"[Redis YTDL] Erro na conex칚o:","service":"ez-clips-ai","stack":"AggregateError [ECONNREFUSED]: \n    at internalConnectMultiple (node:net:1134:18)\n    at afterConnectMultiple (node:net:1715:7)","timestamp":"2025-12-10 11:19:10"}
{"code":"ECONNREFUSED","level":"error","message":"[Redis] Erro na conex칚o:","service":"ez-clips-ai","stack":"AggregateError [ECONNREFUSED]: \n    at internalConnectMultiple (node:net:1134:18)\n    at afterConnectMultiple (node:net:1715:7)","timestamp":"2025-12-10 11:19:10"}
{"code":"ECONNREFUSED","level":"error","message":"[Redis YTDL] Erro na conex칚o:","service":"ez-clips-ai","stack":"AggregateError [ECONNREFUSED]: \n    at internalConnectMultiple (node:net:1134:18)\n    at afterConnectMultiple (node:net:1715:7)","timestamp":"2025-12-10 11:19:12"}
{"code":"ECONNREFUSED","level":"error","message":"[Redis] Erro na conex칚o:","service":"ez-clips-ai","stack":"AggregateError [ECONNREFUSED]: \n    at internalConnectMultiple (node:net:1134:18)\n    at afterConnectMultiple (node:net:1715:7)","timestamp":"2025-12-10 11:19:12"}
{"code":"ECONNREFUSED","level":"error","message":"[Redis YTDL] Erro na conex칚o:","service":"ez-clips-ai","stack":"AggregateError [ECONNREFUSED]: \n    at internalConnectMultiple (node:net:1134:18)\n    at afterConnectMultiple (node:net:1715:7)","timestamp":"2025-12-10 11:19:14"}
{"code":"ECONNREFUSED","level":"error","message":"[Redis] Erro na conex칚o:","service":"ez-clips-ai","stack":"AggregateError [ECONNREFUSED]: \n    at internalConnectMultiple (node:net:1134:18)\n    at afterConnectMultiple (node:net:1715:7)","timestamp":"2025-12-10 11:19:14"}
{"code":"ECONNREFUSED","level":"error","message":"[Redis YTDL] Erro na conex칚o:","service":"ez-clips-ai","stack":"AggregateError [ECONNREFUSED]: \n    at internalConnectMultiple (node:net:1134:18)\n    at afterConnectMultiple (node:net:1715:7)","timestamp":"2025-12-10 11:19:16"}
{"code":"ECONNREFUSED","level":"error","message":"[Redis] Erro na conex칚o:","service":"ez-clips-ai","stack":"AggregateError [ECONNREFUSED]: \n    at internalConnectMultiple (node:net:1134:18)\n    at afterConnectMultiple (node:net:1715:7)","timestamp":"2025-12-10 11:19:16"}
{"code":"ECONNREFUSED","level":"error","message":"[Redis YTDL] Erro na conex칚o:","service":"ez-clips-ai","stack":"AggregateError [ECONNREFUSED]: \n    at internalConnectMultiple (node:net:1134:18)\n    at afterConnectMultiple (node:net:1715:7)","timestamp":"2025-12-10 11:19:18"}
{"code":"ECONNREFUSED","level":"error","message":"[Redis] Erro na conex칚o:","service":"ez-clips-ai","stack":"AggregateError [ECONNREFUSED]: \n    at internalConnectMultiple (node:net:1134:18)\n    at afterConnectMultiple (node:net:1715:7)","timestamp":"2025-12-10 11:19:18"}
{"code":"ECONNREFUSED","level":"error","message":"[Redis] Erro na conex칚o:","service":"ez-clips-ai","stack":"AggregateError [ECONNREFUSED]: \n    at internalConnectMultiple (node:net:1134:18)\n    at afterConnectMultiple (node:net:1715:7)","timestamp":"2025-12-10 11:19:20"}
{"code":"ECONNREFUSED","level":"error","message":"[Redis YTDL] Erro na conex칚o:","service":"ez-clips-ai","stack":"AggregateError [ECONNREFUSED]: \n    at internalConnectMultiple (node:net:1134:18)\n    at afterConnectMultiple (node:net:1715:7)","timestamp":"2025-12-10 11:19:20"}
{"code":"ECONNREFUSED","level":"error","message":"[Redis] Erro na conex칚o:","service":"ez-clips-ai","stack":"AggregateError [ECONNREFUSED]: \n    at internalConnectMultiple (node:net:1134:18)\n    at afterConnectMultiple (node:net:1715:7)","timestamp":"2025-12-10 11:19:22"}
{"code":"ECONNREFUSED","level":"error","message":"[Redis YTDL] Erro na conex칚o:","service":"ez-clips-ai","stack":"AggregateError [ECONNREFUSED]: \n    at internalConnectMultiple (node:net:1134:18)\n    at afterConnectMultiple (node:net:1715:7)","timestamp":"2025-12-10 11:19:22"}
{"code":"ECONNREFUSED","level":"error","message":"[Redis YTDL] Erro na conex칚o:","service":"ez-clips-ai","stack":"AggregateError [ECONNREFUSED]: \n    at internalConnectMultiple (node:net:1134:18)\n    at afterConnectMultiple (node:net:1715:7)","timestamp":"2025-12-10 11:19:24"}
{"code":"ECONNREFUSED","level":"error","message":"[Redis] Erro na conex칚o:","service":"ez-clips-ai","stack":"AggregateError [ECONNREFUSED]: \n    at internalConnectMultiple (node:net:1134:18)\n    at afterConnectMultiple (node:net:1715:7)","timestamp":"2025-12-10 11:19:24"}
{"code":"ECONNREFUSED","level":"error","message":"[Redis YTDL] Erro na conex칚o:","service":"ez-clips-ai","stack":"AggregateError [ECONNREFUSED]: \n    at internalConnectMultiple (node:net:1134:18)\n    at afterConnectMultiple (node:net:1715:7)","timestamp":"2025-12-10 11:19:26"}
{"code":"ECONNREFUSED","level":"error","message":"[Redis] Erro na conex칚o:","service":"ez-clips-ai","stack":"AggregateError [ECONNREFUSED]: \n    at internalConnectMultiple (node:net:1134:18)\n    at afterConnectMultiple (node:net:1715:7)","timestamp":"2025-12-10 11:19:26"}
{"code":"ECONNREFUSED","level":"error","message":"[Redis YTDL] Erro na conex칚o:","service":"ez-clips-ai","stack":"AggregateError [ECONNREFUSED]: \n    at internalConnectMultiple (node:net:1134:18)\n    at afterConnectMultiple (node:net:1715:7)","timestamp":"2025-12-10 11:19:28"}
{"code":"ECONNREFUSED","level":"error","message":"[Redis] Erro na conex칚o:","service":"ez-clips-ai","stack":"AggregateError [ECONNREFUSED]: \n    at internalConnectMultiple (node:net:1134:18)\n    at afterConnectMultiple (node:net:1715:7)","timestamp":"2025-12-10 11:19:28"}
{"level":"info","message":"[Queue] Encerrando fila...","service":"ez-clips-ai","timestamp":"2025-12-10 11:19:29"}
{"code":"ECONNREFUSED","level":"error","message":"[Redis YTDL] Erro na conex칚o:","service":"ez-clips-ai","stack":"AggregateError [ECONNREFUSED]: \n    at internalConnectMultiple (node:net:1134:18)\n    at afterConnectMultiple (node:net:1715:7)","timestamp":"2025-12-10 11:19:30"}
{"code":"ECONNREFUSED","level":"error","message":"[Redis] Erro na conex칚o:","service":"ez-clips-ai","stack":"AggregateError [ECONNREFUSED]: \n    at internalConnectMultiple (node:net:1134:18)\n    at afterConnectMultiple (node:net:1715:7)","timestamp":"2025-12-10 11:19:30"}
{"code":"ECONNREFUSED","level":"error","message":"[Redis] Erro na conex칚o:","service":"ez-clips-ai","stack":"AggregateError [ECONNREFUSED]: \n    at internalConnectMultiple (node:net:1134:18)\n    at afterConnectMultiple (node:net:1715:7)","timestamp":"2025-12-10 11:19:32"}
{"code":"ECONNREFUSED","level":"error","message":"[Redis YTDL] Erro na conex칚o:","service":"ez-clips-ai","stack":"AggregateError [ECONNREFUSED]: \n    at internalConnectMultiple (node:net:1134:18)\n    at afterConnectMultiple (node:net:1715:7)","timestamp":"2025-12-10 11:19:32"}
{"code":"ECONNREFUSED","level":"error","message":"[Redis] Erro na conex칚o:","service":"ez-clips-ai","stack":"AggregateError [ECONNREFUSED]: \n    at internalConnectMultiple (node:net:1134:18)\n    at afterConnectMultiple (node:net:1715:7)","timestamp":"2025-12-10 11:19:34"}
{"code":"ECONNREFUSED","level":"error","message":"[Redis YTDL] Erro na conex칚o:","service":"ez-clips-ai","stack":"AggregateError [ECONNREFUSED]: \n    at internalConnectMultiple (node:net:1134:18)\n    at afterConnectMultiple (node:net:1715:7)","timestamp":"2025-12-10 11:19:34"}
{"level":"info","message":"[Queue] Fila de processamento de v칤deo inicializada","service":"ez-clips-ai","timestamp":"2025-12-10 11:30:04"}
{"level":"info","message":"游 Backend rodando em http://localhost:3001","service":"ez-clips-ai","timestamp":"2025-12-10 11:30:04"}
{"level":"info","message":"游니 tRPC endpoint: http://localhost:3001/trpc","service":"ez-clips-ai","timestamp":"2025-12-10 11:30:04"}
{"level":"info","message":"仇벒잺  Health check: http://localhost:3001/health","service":"ez-clips-ai","timestamp":"2025-12-10 11:30:04"}
{"level":"info","message":"游댏 Webhook Stripe: http://localhost:3001/api/webhooks/stripe","service":"ez-clips-ai","timestamp":"2025-12-10 11:30:04"}
{"code":"ECONNREFUSED","level":"error","message":"[Redis] Erro na conex칚o:","service":"ez-clips-ai","stack":"AggregateError [ECONNREFUSED]: \n    at internalConnectMultiple (node:net:1134:18)\n    at afterConnectMultiple (node:net:1715:7)","timestamp":"2025-12-10 11:30:04"}
{"code":"ECONNREFUSED","level":"error","message":"[Redis YTDL] Erro na conex칚o:","service":"ez-clips-ai","stack":"AggregateError [ECONNREFUSED]: \n    at internalConnectMultiple (node:net:1134:18)\n    at afterConnectMultiple (node:net:1715:7)","timestamp":"2025-12-10 11:30:04"}
{"code":"ECONNREFUSED","level":"error","message":"[Redis] Erro na conex칚o:","service":"ez-clips-ai","stack":"AggregateError [ECONNREFUSED]: \n    at internalConnectMultiple (node:net:1134:18)\n    at afterConnectMultiple (node:net:1715:7)","timestamp":"2025-12-10 11:30:04"}
{"code":"ECONNREFUSED","level":"error","message":"[Redis YTDL] Erro na conex칚o:","service":"ez-clips-ai","stack":"AggregateError [ECONNREFUSED]: \n    at internalConnectMultiple (node:net:1134:18)\n    at afterConnectMultiple (node:net:1715:7)","timestamp":"2025-12-10 11:30:04"}
{"code":"ECONNREFUSED","level":"error","message":"[Redis] Erro na conex칚o:","service":"ez-clips-ai","stack":"AggregateError [ECONNREFUSED]: \n    at internalConnectMultiple (node:net:1134:18)\n    at afterConnectMultiple (node:net:1715:7)","timestamp":"2025-12-10 11:30:04"}
{"code":"ECONNREFUSED","level":"error","message":"[Redis YTDL] Erro na conex칚o:","service":"ez-clips-ai","stack":"AggregateError [ECONNREFUSED]: \n    at internalConnectMultiple (node:net:1134:18)\n    at afterConnectMultiple (node:net:1715:7)","timestamp":"2025-12-10 11:30:04"}
{"code":"ECONNREFUSED","level":"error","message":"[Redis] Erro na conex칚o:","service":"ez-clips-ai","stack":"AggregateError [ECONNREFUSED]: \n    at internalConnectMultiple (node:net:1134:18)\n    at afterConnectMultiple (node:net:1715:7)","timestamp":"2025-12-10 11:30:04"}
{"code":"ECONNREFUSED","level":"error","message":"[Redis YTDL] Erro na conex칚o:","service":"ez-clips-ai","stack":"AggregateError [ECONNREFUSED]: \n    at internalConnectMultiple (node:net:1134:18)\n    at afterConnectMultiple (node:net:1715:7)","timestamp":"2025-12-10 11:30:04"}
{"code":"ECONNREFUSED","level":"error","message":"[Redis] Erro na conex칚o:","service":"ez-clips-ai","stack":"AggregateError [ECONNREFUSED]: \n    at internalConnectMultiple (node:net:1134:18)\n    at afterConnectMultiple (node:net:1715:7)","timestamp":"2025-12-10 11:30:05"}
{"code":"ECONNREFUSED","level":"error","message":"[Redis YTDL] Erro na conex칚o:","service":"ez-clips-ai","stack":"AggregateError [ECONNREFUSED]: \n    at internalConnectMultiple (node:net:1134:18)\n    at afterConnectMultiple (node:net:1715:7)","timestamp":"2025-12-10 11:30:05"}
{"code":"ECONNREFUSED","level":"error","message":"[Redis] Erro na conex칚o:","service":"ez-clips-ai","stack":"AggregateError [ECONNREFUSED]: \n    at internalConnectMultiple (node:net:1134:18)\n    at afterConnectMultiple (node:net:1715:7)","timestamp":"2025-12-10 11:30:05"}
{"code":"ECONNREFUSED","level":"error","message":"[Redis YTDL] Erro na conex칚o:","service":"ez-clips-ai","stack":"AggregateError [ECONNREFUSED]: \n    at internalConnectMultiple (node:net:1134:18)\n    at afterConnectMultiple (node:net:1715:7)","timestamp":"2025-12-10 11:30:05"}
{"code":"ECONNREFUSED","level":"error","message":"[Redis] Erro na conex칚o:","service":"ez-clips-ai","stack":"AggregateError [ECONNREFUSED]: \n    at internalConnectMultiple (node:net:1134:18)\n    at afterConnectMultiple (node:net:1715:7)","timestamp":"2025-12-10 11:30:05"}
{"code":"ECONNREFUSED","level":"error","message":"[Redis YTDL] Erro na conex칚o:","service":"ez-clips-ai","stack":"AggregateError [ECONNREFUSED]: \n    at internalConnectMultiple (node:net:1134:18)\n    at afterConnectMultiple (node:net:1715:7)","timestamp":"2025-12-10 11:30:05"}
{"code":"ECONNREFUSED","level":"error","message":"[Redis] Erro na conex칚o:","service":"ez-clips-ai","stack":"AggregateError [ECONNREFUSED]: \n    at internalConnectMultiple (node:net:1134:18)\n    at afterConnectMultiple (node:net:1715:7)","timestamp":"2025-12-10 11:30:06"}
{"code":"ECONNREFUSED","level":"error","message":"[Redis YTDL] Erro na conex칚o:","service":"ez-clips-ai","stack":"AggregateError [ECONNREFUSED]: \n    at internalConnectMultiple (node:net:1134:18)\n    at afterConnectMultiple (node:net:1715:7)","timestamp":"2025-12-10 11:30:06"}
{"code":"ECONNREFUSED","level":"error","message":"[Redis] Erro na conex칚o:","service":"ez-clips-ai","stack":"AggregateError [ECONNREFUSED]: \n    at internalConnectMultiple (node:net:1134:18)\n    at afterConnectMultiple (node:net:1715:7)","timestamp":"2025-12-10 11:30:06"}
{"code":"ECONNREFUSED","level":"error","message":"[Redis YTDL] Erro na conex칚o:","service":"ez-clips-ai","stack":"AggregateError [ECONNREFUSED]: \n    at internalConnectMultiple (node:net:1134:18)\n    at afterConnectMultiple (node:net:1715:7)","timestamp":"2025-12-10 11:30:06"}
{"code":"ECONNREFUSED","level":"error","message":"[Redis] Erro na conex칚o:","service":"ez-clips-ai","stack":"AggregateError [ECONNREFUSED]: \n    at internalConnectMultiple (node:net:1134:18)\n    at afterConnectMultiple (node:net:1715:7)","timestamp":"2025-12-10 11:30:06"}
